    0.1122    -1.000000     0.000000          0           0.000000           0.000000 
    0.1413    -1.000000     0.000000          0           0.000000           0.000000 
    0.1778    -1.000000     0.000000          0           0.000000           0.000403 
    0.2239  2632.578947  2633.578947          1           0.000000           0.000380 
    0.2818    -1.000000     0.000000          0           0.000000           0.000745 
    0.3548    -1.000000     0.000000          0           0.000000           0.001969 
    0.4467    -1.000000     0.000000          0           0.000000           0.007209 
    0.5623    -1.000000     0.000000          0           0.009822           0.009790 
    0.7079    -1.000000     0.000000          0           0.030168           0.014750 
    0.8913    -1.000000     0.000000          0           0.069989           0.052636 
    1.1220    10.553116     6.670195          3           0.177949           0.276779 
    1.4125     1.398462     2.398462          1           0.420734           0.397860 
    1.7783     5.866579     3.070827          5           0.627051           0.769719 
    2.2387     3.084193     1.667365          6           1.475047           1.463351 
    2.8184     0.647047     0.736582          5           3.019512           2.943799 
    3.5481     0.610253     0.509207         10           6.138586           5.842697 
    4.4668     1.296321     0.450346         26          11.280733          11.604094 
    5.6234     1.126572     0.300743         50          23.550395          22.905597 
    7.0795     0.833199     0.201220         83          45.298943          45.550512 
    8.9125     0.642590     0.136410        145          88.468727          89.358102 
   11.2202     0.497099     0.092491        262         175.196712         175.766904 
   14.1254     0.303694     0.061663        447         343.462526         344.568205 
   17.7828     0.261766     0.043227        852         674.005124         671.887881 
   22.3872     0.157216     0.029830       1505        1304.614977        1310.217680 
   28.1838     0.041901     0.020145       2675        2557.546203        2546.805920 
   35.4813     0.029232     0.014414       5099        4939.077853        4923.064927 
   44.6684     0.033035     0.010434       9803        9483.490512        9477.057004 
   56.2341     0.010839     0.007521      18335       18119.828242       18100.855116 
   70.7946     0.006436     0.007488      34562       34297.624984       34253.715029 
   89.1251     0.006786     0.007490      64546       64020.056342       63927.919839 
  112.2019     0.003400     0.007465     117866      117338.244411      117209.004025 
  141.2538     0.001827     0.007454     210592      209971.309273      209733.878477 
  177.8280     0.001984     0.007455     364261      363515.448169      363490.974250 
  223.8721     0.000023     0.007440     605388      605228.456584      605082.847945 
  281.8383     0.000013     0.007440     705272      704582.299026      703901.914176 
  354.8134    -1.000000     0.000000          0           0.000000           0.000000 
  446.6836    -1.000000     0.000000          0           0.000000           0.000000 
  562.3414    -1.000000     0.000000          0           0.000000           0.000000 
  707.9459    -1.000000     0.000000          0           0.000000           0.000000 
  891.2510    -1.000000     0.000000          0           0.000000           0.000000 
 1122.0186    -1.000000     0.000000          0           0.000000           0.000000 
 1412.5377    -1.000000     0.000000          0           0.000000           0.000000 
 1778.2796    -1.000000     0.000000          0           0.000000           0.000000 
 2238.7214    -1.000000     0.000000          0           0.000000           0.000000 
 2818.3833    -1.000000     0.000000          0           0.000000           0.000000 
 3548.1343    -1.000000     0.000000          0           0.000000           0.000000 
 4466.8365    -1.000000     0.000000          0           0.000000           0.000000 
 5623.4140    -1.000000     0.000000          0           0.000000           0.000000 
 7079.4588    -1.000000     0.000000          0           0.000000           0.000000 
 8912.5106    -1.000000     0.000000          0           0.000000           0.000000 
