# cosmology: omega= 0.27  lambda= 0.73
# redshift range: zmin= 0.30  zmax= 2.20
# magnitude limits: bmin=10.00  bmax=21.00
# absolute magnitude limits: amin=-99.00  amax= 99.00
# nq=  275  fran= 50  rmax= 300.0
# mean values: z= 1.0627  b_J=17.813  M_b=-26.499
      5.0000   -1.000000    0.000000           0          0.059782                0.184400
     15.0000   -1.000000    0.000000           0          0.866836                0.968400
     25.0000    1.118279    0.947323           5          2.351418                2.512400
     35.0000   -0.737449    0.262551           1          4.423855                4.516800
     45.0000    0.150922    0.406912           8          6.984509                7.030000
     55.0000    0.555472    0.415717          14          9.156582                9.702800
     65.0000    0.155776    0.308894          14         12.364873               12.709600
     75.0000   -0.106621    0.238766          14         15.692727               15.710400
     85.0000   -0.153366    0.211659          16         18.930909               18.954800
     95.0000    0.030257    0.214823          23         22.198982               22.065600
    105.0000   -0.102886    0.187061          23         25.556727               25.490800
    115.0000    0.037592    0.189437          30         28.655418               28.377600
    125.0000   -0.135164    0.166438          27         31.574764               31.845200
    135.0000   -0.124532    0.157239          31         35.042109               34.756000
    145.0000   -0.033758    0.156745          38         38.569236               37.860400
    155.0000    0.202653    0.170081          50         41.269382               40.808800
    165.0000    0.132850    0.163513          48         42.983127               43.782800
    175.0000    0.246011    0.159535          61         48.114400               46.723200
    185.0000   -0.009602    0.137343          52         51.083564               49.690000
    195.0000    0.089785    0.143096          58         52.857091               52.420800
    205.0000   -0.120629    0.124362          50         55.806327               54.980400
    215.0000    0.038930    0.131944          62         58.895055               58.050000
    225.0000   -0.229674    0.113578          46         60.319855               60.698800
    235.0000   -0.131874    0.116008          56         63.627782               62.953600
    245.0000    0.028878    0.124770          68         66.188436               66.291200
    255.0000   -0.077730    0.112673          67         70.432945               68.538400
    265.0000    0.088549    0.125695          75         69.974618               71.259200
    275.0000    0.059492    0.120740          77         73.182909               73.753600
    285.0000    0.055464    0.118004          80         75.713673               75.621600
    295.0000   -0.021104    0.111556          77         78.055127               77.475200
    305.0000   -1.000000    0.000000           0          0.000000                0.000000
    315.0000   -1.000000    0.000000           0          0.000000                0.000000
    325.0000   -1.000000    0.000000           0          0.000000                0.000000
    335.0000   -1.000000    0.000000           0          0.000000                0.000000
    345.0000   -1.000000    0.000000           0          0.000000                0.000000
    355.0000   -1.000000    0.000000           0          0.000000                0.000000
    365.0000   -1.000000    0.000000           0          0.000000                0.000000
    375.0000   -1.000000    0.000000           0          0.000000                0.000000
    385.0000   -1.000000    0.000000           0          0.000000                0.000000
    395.0000   -1.000000    0.000000           0          0.000000                0.000000
    405.0000   -1.000000    0.000000           0          0.000000                0.000000
    415.0000   -1.000000    0.000000           0          0.000000                0.000000
    425.0000   -1.000000    0.000000           0          0.000000                0.000000
    435.0000   -1.000000    0.000000           0          0.000000                0.000000
    445.0000   -1.000000    0.000000           0          0.000000                0.000000
    455.0000   -1.000000    0.000000           0          0.000000                0.000000
    465.0000   -1.000000    0.000000           0          0.000000                0.000000
    475.0000   -1.000000    0.000000           0          0.000000                0.000000
    485.0000   -1.000000    0.000000           0          0.000000                0.000000
    495.0000   -1.000000    0.000000           0          0.000000                0.000000
    505.0000   -1.000000    0.000000           0          0.000000                0.000000
    515.0000   -1.000000    0.000000           0          0.000000                0.000000
    525.0000   -1.000000    0.000000           0          0.000000                0.000000
    535.0000   -1.000000    0.000000           0          0.000000                0.000000
    545.0000   -1.000000    0.000000           0          0.000000                0.000000
    555.0000   -1.000000    0.000000           0          0.000000                0.000000
    565.0000   -1.000000    0.000000           0          0.000000                0.000000
    575.0000   -1.000000    0.000000           0          0.000000                0.000000
    585.0000   -1.000000    0.000000           0          0.000000                0.000000
    595.0000   -1.000000    0.000000           0          0.000000                0.000000
    605.0000   -1.000000    0.000000           0          0.000000                0.000000
    615.0000   -1.000000    0.000000           0          0.000000                0.000000
    625.0000   -1.000000    0.000000           0          0.000000                0.000000
    635.0000   -1.000000    0.000000           0          0.000000                0.000000
    645.0000   -1.000000    0.000000           0          0.000000                0.000000
    655.0000   -1.000000    0.000000           0          0.000000                0.000000
    665.0000   -1.000000    0.000000           0          0.000000                0.000000
    675.0000   -1.000000    0.000000           0          0.000000                0.000000
    685.0000   -1.000000    0.000000           0          0.000000                0.000000
    695.0000   -1.000000    0.000000           0          0.000000                0.000000
    705.0000   -1.000000    0.000000           0          0.000000                0.000000
    715.0000   -1.000000    0.000000           0          0.000000                0.000000
    725.0000   -1.000000    0.000000           0          0.000000                0.000000
    735.0000   -1.000000    0.000000           0          0.000000                0.000000
    745.0000   -1.000000    0.000000           0          0.000000                0.000000
    755.0000   -1.000000    0.000000           0          0.000000                0.000000
    765.0000   -1.000000    0.000000           0          0.000000                0.000000
    775.0000   -1.000000    0.000000           0          0.000000                0.000000
    785.0000   -1.000000    0.000000           0          0.000000                0.000000
    795.0000   -1.000000    0.000000           0          0.000000                0.000000
    805.0000   -1.000000    0.000000           0          0.000000                0.000000
    815.0000   -1.000000    0.000000           0          0.000000                0.000000
    825.0000   -1.000000    0.000000           0          0.000000                0.000000
    835.0000   -1.000000    0.000000           0          0.000000                0.000000
    845.0000   -1.000000    0.000000           0          0.000000                0.000000
    855.0000   -1.000000    0.000000           0          0.000000                0.000000
    865.0000   -1.000000    0.000000           0          0.000000                0.000000
    875.0000   -1.000000    0.000000           0          0.000000                0.000000
    885.0000   -1.000000    0.000000           0          0.000000                0.000000
    895.0000   -1.000000    0.000000           0          0.000000                0.000000
    905.0000   -1.000000    0.000000           0          0.000000                0.000000
    915.0000   -1.000000    0.000000           0          0.000000                0.000000
    925.0000   -1.000000    0.000000           0          0.000000                0.000000
    935.0000   -1.000000    0.000000           0          0.000000                0.000000
    945.0000   -1.000000    0.000000           0          0.000000                0.000000
    955.0000   -1.000000    0.000000           0          0.000000                0.000000
    965.0000   -1.000000    0.000000           0          0.000000                0.000000
    975.0000   -1.000000    0.000000           0          0.000000                0.000000
    985.0000   -1.000000    0.000000           0          0.000000                0.000000
    995.0000   -1.000000    0.000000           0          0.000000                0.000000
