# cosmology: omega= 0.27  lambda= 0.73
# redshift range: zmin= 0.30  zmax= 2.20
# magnitude limits: bmin=10.00  bmax=21.00
# absolute magnitude limits: amin=-99.00  amax= 99.00
# nq=  275  fran= 50  rmax= 300.0
# mean values: z= 1.0627  b_J=17.813  M_b=-26.499
      0.1122   -1.000000    0.000000           0          0.000000                0.000000
      0.1413   -1.000000    0.000000           0          0.000000                0.000000
      0.1778   -1.000000    0.000000           0          0.000000                0.000000
      0.2239   -1.000000    0.000000           0          0.000000                0.000000
      0.2818   -1.000000    0.000000           0          0.000000                0.000000
      0.3548   -1.000000    0.000000           0          0.000000                0.000000
      0.4467   -1.000000    0.000000           0          0.000000                0.000000
      0.5623   -1.000000    0.000000           0          0.000000                0.000000
      0.7079   -1.000000    0.000000           0          0.000000                0.000000
      0.8913   -1.000000    0.000000           0          0.000000                0.000000
      1.1220   -1.000000    0.000000           0          0.000000                0.000400
      1.4125   -1.000000    0.000000           0          0.000000                0.000400
      1.7783   -1.000000    0.000000           0          0.000000                0.000400
      2.2387   -1.000000    0.000000           0          0.000000                0.001600
      2.8184   -1.000000    0.000000           0          0.009964                0.004400
      3.5481   -1.000000    0.000000           0          0.000000                0.004800
      4.4668   -1.000000    0.000000           0          0.000000                0.012000
      5.6234   -1.000000    0.000000           0          0.000000                0.027200
      7.0795   -1.000000    0.000000           0          0.019927                0.051200
      8.9125   -1.000000    0.000000           0          0.029891                0.082000
     11.2202   -1.000000    0.000000           0          0.119564                0.149600
     14.1254   -1.000000    0.000000           0          0.298909                0.266400
     17.7828   -1.000000    0.000000           0          0.438400                0.543600
     22.3872    0.988066    1.405775           2          1.006327                1.060400
     28.1838    0.421633    0.820780           3          2.092364                2.048400
     35.4813   -0.609113    0.390887           1          3.576945                3.824400
     44.6684    0.122673    0.396925           8          7.173818                7.235200
     56.2341    0.403954    0.340509          17         12.434618               13.202400
     70.7946    0.055899    0.211180          25         23.753309               23.839200
     89.1251   -0.075038    0.148113          39         42.076436               42.001200
    112.2019   -0.025132    0.116519          70         72.047055               72.277600
    141.2538   -0.034480    0.088509         119        121.885164              120.611600
    177.8280    0.119719    0.074483         226        199.412218              196.328800
    223.8721   -0.062633    0.056525         298        315.598182              313.557200
    281.8383    0.010269    0.060922         363        358.959927              358.602400
    354.8134   -1.000000    0.000000           0          0.000000                0.000000
    446.6836   -1.000000    0.000000           0          0.000000                0.000000
    562.3414   -1.000000    0.000000           0          0.000000                0.000000
    707.9459   -1.000000    0.000000           0          0.000000                0.000000
    891.2510   -1.000000    0.000000           0          0.000000                0.000000
   1122.0186   -1.000000    0.000000           0          0.000000                0.000000
   1412.5377   -1.000000    0.000000           0          0.000000                0.000000
   1778.2796   -1.000000    0.000000           0          0.000000                0.000000
   2238.7214   -1.000000    0.000000           0          0.000000                0.000000
   2818.3833   -1.000000    0.000000           0          0.000000                0.000000
   3548.1343   -1.000000    0.000000           0          0.000000                0.000000
   4466.8365   -1.000000    0.000000           0          0.000000                0.000000
   5623.4140   -1.000000    0.000000           0          0.000000                0.000000
   7079.4588   -1.000000    0.000000           0          0.000000                0.000000
   8912.5106   -1.000000    0.000000           0          0.000000                0.000000
