# cosmology: omega= 0.27  lambda= 0.73
# redshift range: zmin= 2.25  zmax= 2.90
# magnitude limits: bmin=10.00  bmax=21.00
# absolute magnitude limits: amin=-99.00  amax= 99.00
# nq= 2235  fran= 50  rmax= 300.0
# mean values: z=2.4750  b_J=20.093  M_b=-26.624
    0.1122    -1.000000     0.000000          0           0.000000           0.000000 
    0.1413    -1.000000     0.000000          0           0.000000           0.000000 
    0.1778    -1.000000     0.000000          0           0.000000           0.000000 
    0.2239    -1.000000     0.000000          0           0.000000           0.000000 
    0.2818    -1.000000     0.000000          0           0.000000           0.000000 
    0.3548    -1.000000     0.000000          0           0.000000           0.000000 
    0.4467    -1.000000     0.000000          0           0.000000           0.000000 
    0.5623    -1.000000     0.000000          0           0.000000           0.001212 
    0.7079    -1.000000     0.000000          0           0.010137           0.000402 
    0.8913    -1.000000     0.000000          0           0.000000           0.000837 
    1.1220    -1.000000     0.000000          0           0.009270           0.014781 
    1.4125    -1.000000     0.000000          0           0.009749           0.016213 
    1.7783    -1.000000     0.000000          0           0.020242           0.032428 
    2.2387    -1.000000     0.000000          0           0.049849           0.063413 
    2.8184     6.810129     7.810129          1           0.150483           0.120313 
    3.5481     2.650906     3.650906          1           0.290008           0.254396 
    4.4668    -1.000000     0.000000          0           0.367509           0.499280 
    5.6234     4.972173     2.438129          6           1.059113           0.977242 
    7.0795     1.049673     1.024836          4           1.952220           1.923787 
    8.9125     0.906294     0.720511          7           3.677913           3.797263 
   11.2202     1.139203     0.534801         16           7.486127           7.383067 
   14.1254     1.065026     0.390253         28          13.529951          14.457325 
   17.7828     0.211943     0.210972         33          27.742240          28.531540 
   22.3872     0.188387     0.153420         60          52.433996          55.282478 
   28.1838     0.037861     0.104840         98         100.823591         107.725755 
   35.4813     0.139882     0.077203        218         198.269467         207.574916 
   44.6684     0.087599     0.054516        398         380.743637         398.385637 
   56.2341     0.014654     0.038296        702         724.644479         758.402848 
   70.7946     0.069297     0.028446       1413        1372.160797        1430.447420 
   89.1251     0.079749     0.022839       2692        2570.060816        2660.274718 
  112.2019    -0.004479     0.021058       4587        4737.135641        4865.480979 
  141.2538     0.021648     0.021610       8484        8493.926484        8692.014950 
  177.8280     0.007177     0.021304      14590       14739.338368       14996.305901 
  223.8721     0.013948     0.021448      24181       24186.273430       24533.735368 
  281.8383     0.013685     0.021442      27261       27126.959385       27367.449109 
  354.8134    -1.000000     0.000000          0           0.000000           0.000000 
  446.6836    -1.000000     0.000000          0           0.000000           0.000000 
  562.3414    -1.000000     0.000000          0           0.000000           0.000000 
  707.9459    -1.000000     0.000000          0           0.000000           0.000000 
  891.2510    -1.000000     0.000000          0           0.000000           0.000000 
 1122.0186    -1.000000     0.000000          0           0.000000           0.000000 
 1412.5377    -1.000000     0.000000          0           0.000000           0.000000 
 1778.2796    -1.000000     0.000000          0           0.000000           0.000000 
 2238.7214    -1.000000     0.000000          0           0.000000           0.000000 
 2818.3833    -1.000000     0.000000          0           0.000000           0.000000 
 3548.1343    -1.000000     0.000000          0           0.000000           0.000000 
 4466.8365    -1.000000     0.000000          0           0.000000           0.000000 
 5623.4140    -1.000000     0.000000          0           0.000000           0.000000 
 7079.4588    -1.000000     0.000000          0           0.000000           0.000000 
 8912.5106    -1.000000     0.000000          0           0.000000           0.000000 
