# cosmology: omega= 0.27  lambda= 0.73
# redshift range: zmin= 0.30  zmax= 2.20
# magnitude limits: bmin=10.00  bmax=21.00
# absolute magnitude limits: amin=-99.00  amax= 99.00
# nq=18066  fran= 50  rmax= 300.0
# mean values: z=1.3515  b_J=19.987  M_b=-25.029
    5.0000     0.855766     0.101391        335         180.567655         181.200391 
   15.0000     0.312991     0.033053       1578        1201.778422        1201.668786 
   25.0000     0.082480     0.018652       3368        3109.849453        3108.050103 
   35.0000     0.031620     0.013293       6023        5820.705425        5801.863844 
   45.0000     0.033945     0.010590       9533        9212.849765        9205.166684 
   55.0000     0.019098     0.008769      13506       13243.044612       13232.804590 
   65.0000    -0.001017     0.007476      17857       17845.277716       17815.440361 
   75.0000     0.009013     0.007507      23128       22900.068492       22878.333997 
   85.0000     0.009074     0.007507      28691       28385.426039       28336.990184 
   95.0000     0.004737     0.007475      34402       34195.862994       34151.517473 
  105.0000     0.007382     0.007495      40642       40289.516485       40234.039425 
  115.0000     0.001684     0.007452      46747       46600.840739       46533.027499 
  125.0000     0.000337     0.007442      53084       53034.592579       53003.061962 
  135.0000     0.005333     0.007480      60068       59660.403382       59570.510539 
  145.0000     0.003302     0.007464      66537       66255.668718       66192.906440 
  155.0000    -0.000480     0.007436      72930       72904.374876       72843.807146 
  165.0000    -0.002902     0.007418      79405       79550.646892       79465.675826 
  175.0000     0.007315     0.007494      86566       85985.629887       86034.636481 
  185.0000    -0.001659     0.007428      92332       92498.853400       92512.202617 
  195.0000     0.003184     0.007464      99197       98876.059350       98869.952479 
  205.0000     0.004945     0.007477     105745      105165.652077      105106.025490 
  215.0000    -0.001271     0.007430     110999      111167.484980      111194.640039 
  225.0000     0.000546     0.007444     117234      117133.635362      117097.241877 
  235.0000    -0.000883     0.007433     122726      122835.606279      122836.715331 
  245.0000    -0.000902     0.007433     128382      128447.719756      128397.607684 
  255.0000    -0.010055     0.007365     132872      134000.745952      133784.277251 
  265.0000     0.002017     0.007455     139554      139141.288182      139008.978061 
  275.0000     0.000218     0.007442     144283      144156.525437      144061.441853 
  285.0000    -0.001489     0.007429     148920      149048.190817      148954.651489 
  295.0000     0.007211     0.007494     155156      153882.362864      153717.241854 
  305.0000    -1.000000     0.000000          0           0.000000           0.000000 
  315.0000    -1.000000     0.000000          0           0.000000           0.000000 
  325.0000    -1.000000     0.000000          0           0.000000           0.000000 
  335.0000    -1.000000     0.000000          0           0.000000           0.000000 
  345.0000    -1.000000     0.000000          0           0.000000           0.000000 
  355.0000    -1.000000     0.000000          0           0.000000           0.000000 
  365.0000    -1.000000     0.000000          0           0.000000           0.000000 
  375.0000    -1.000000     0.000000          0           0.000000           0.000000 
  385.0000    -1.000000     0.000000          0           0.000000           0.000000 
  395.0000    -1.000000     0.000000          0           0.000000           0.000000 
  405.0000    -1.000000     0.000000          0           0.000000           0.000000 
  415.0000    -1.000000     0.000000          0           0.000000           0.000000 
  425.0000    -1.000000     0.000000          0           0.000000           0.000000 
  435.0000    -1.000000     0.000000          0           0.000000           0.000000 
  445.0000    -1.000000     0.000000          0           0.000000           0.000000 
  455.0000    -1.000000     0.000000          0           0.000000           0.000000 
  465.0000    -1.000000     0.000000          0           0.000000           0.000000 
  475.0000    -1.000000     0.000000          0           0.000000           0.000000 
  485.0000    -1.000000     0.000000          0           0.000000           0.000000 
  495.0000    -1.000000     0.000000          0           0.000000           0.000000 
  505.0000    -1.000000     0.000000          0           0.000000           0.000000 
  515.0000    -1.000000     0.000000          0           0.000000           0.000000 
  525.0000    -1.000000     0.000000          0           0.000000           0.000000 
  535.0000    -1.000000     0.000000          0           0.000000           0.000000 
  545.0000    -1.000000     0.000000          0           0.000000           0.000000 
  555.0000    -1.000000     0.000000          0           0.000000           0.000000 
  565.0000    -1.000000     0.000000          0           0.000000           0.000000 
  575.0000    -1.000000     0.000000          0           0.000000           0.000000 
  585.0000    -1.000000     0.000000          0           0.000000           0.000000 
  595.0000    -1.000000     0.000000          0           0.000000           0.000000 
  605.0000    -1.000000     0.000000          0           0.000000           0.000000 
  615.0000    -1.000000     0.000000          0           0.000000           0.000000 
  625.0000    -1.000000     0.000000          0           0.000000           0.000000 
  635.0000    -1.000000     0.000000          0           0.000000           0.000000 
  645.0000    -1.000000     0.000000          0           0.000000           0.000000 
  655.0000    -1.000000     0.000000          0           0.000000           0.000000 
  665.0000    -1.000000     0.000000          0           0.000000           0.000000 
  675.0000    -1.000000     0.000000          0           0.000000           0.000000 
  685.0000    -1.000000     0.000000          0           0.000000           0.000000 
  695.0000    -1.000000     0.000000          0           0.000000           0.000000 
  705.0000    -1.000000     0.000000          0           0.000000           0.000000 
  715.0000    -1.000000     0.000000          0           0.000000           0.000000 
  725.0000    -1.000000     0.000000          0           0.000000           0.000000 
  735.0000    -1.000000     0.000000          0           0.000000           0.000000 
  745.0000    -1.000000     0.000000          0           0.000000           0.000000 
  755.0000    -1.000000     0.000000          0           0.000000           0.000000 
  765.0000    -1.000000     0.000000          0           0.000000           0.000000 
  775.0000    -1.000000     0.000000          0           0.000000           0.000000 
  785.0000    -1.000000     0.000000          0           0.000000           0.000000 
  795.0000    -1.000000     0.000000          0           0.000000           0.000000 
  805.0000    -1.000000     0.000000          0           0.000000           0.000000 
  815.0000    -1.000000     0.000000          0           0.000000           0.000000 
  825.0000    -1.000000     0.000000          0           0.000000           0.000000 
  835.0000    -1.000000     0.000000          0           0.000000           0.000000 
  845.0000    -1.000000     0.000000          0           0.000000           0.000000 
  855.0000    -1.000000     0.000000          0           0.000000           0.000000 
  865.0000    -1.000000     0.000000          0           0.000000           0.000000 
  875.0000    -1.000000     0.000000          0           0.000000           0.000000 
  885.0000    -1.000000     0.000000          0           0.000000           0.000000 
  895.0000    -1.000000     0.000000          0           0.000000           0.000000 
  905.0000    -1.000000     0.000000          0           0.000000           0.000000 
  915.0000    -1.000000     0.000000          0           0.000000           0.000000 
  925.0000    -1.000000     0.000000          0           0.000000           0.000000 
  935.0000    -1.000000     0.000000          0           0.000000           0.000000 
  945.0000    -1.000000     0.000000          0           0.000000           0.000000 
  955.0000    -1.000000     0.000000          0           0.000000           0.000000 
  965.0000    -1.000000     0.000000          0           0.000000           0.000000 
  975.0000    -1.000000     0.000000          0           0.000000           0.000000 
  985.0000    -1.000000     0.000000          0           0.000000           0.000000 
  995.0000    -1.000000     0.000000          0           0.000000           0.000000 
