# cosmology: omega= 0.27  lambda= 0.73
# redshift range: zmin= 2.02  zmax= 2.25
# magnitude limits: bmin=10.00  bmax=21.00
# absolute magnitude limits: amin=-99.00  amax= 99.00
# nq= 2049  fran= 50  rmax= 300.0
# mean values: z=2.1309  b_J=20.069  M_b=-26.273
    0.1122    -1.000000     0.000000          0           0.000000           0.000000 
    0.1413    -1.000000     0.000000          0           0.000000           0.000000 
    0.1778    -1.000000     0.000000          0           0.000000           0.000000 
    0.2239    -1.000000     0.000000          0           0.000000           0.000000 
    0.2818    -1.000000     0.000000          0           0.000000           0.000000 
    0.3548    -1.000000     0.000000          0           0.000000           0.000837 
    0.4467    -1.000000     0.000000          0           0.000000           0.000000 
    0.5623    -1.000000     0.000000          0           0.010402           0.000388 
    0.7079    -1.000000     0.000000          0           0.010136           0.000800 
    0.8913    -1.000000     0.000000          0           0.000000           0.004936 
    1.1220    -1.000000     0.000000          0           0.009753           0.018528 
    1.4125    -1.000000     0.000000          0           0.009826           0.026394 
    1.7783    -1.000000     0.000000          0           0.009662           0.055969 
    2.2387     7.822844     8.822844          1           0.140228           0.105461 
    2.8184     3.379447     4.379447          1           0.239077           0.219314 
    3.5481     5.959976     4.018344          3           0.460218           0.419269 
    4.4668    -0.151936     0.848064          1           1.000224           0.868493 
    5.6234    -0.187929     0.812071          1           1.501816           1.686660 
    7.0795     2.348887     1.009727         11           3.232234           3.362426 
    8.9125     1.051340     0.568939         13           6.331731           6.555092 
   11.2202     0.920686     0.400491         23          12.008593          12.824746 
   14.1254     0.560738     0.256584         37          24.013479          25.103373 
   17.7828     0.313423     0.164178         64          48.878901          49.168266 
   22.3872     0.256821     0.116193        117          93.846624          95.122741 
   28.1838     0.018716     0.075101        184         181.769084         182.962416 
   35.4813     0.022869     0.053687        363         352.675186         350.362789 
   44.6684     0.009362     0.038538        686         673.215257         666.671722 
   56.2341    -0.019893     0.027688       1253        1265.466122        1253.005634 
   70.7946     0.026645     0.022680       2409        2332.982245        2318.747828 
   89.1251    -0.020895     0.021630       4193        4244.661659        4208.388227 
  112.2019    -0.002031     0.022047       7602        7532.365618        7447.606209 
  141.2538     0.006929     0.022245      12942       12756.413864       12658.544804 
  177.8280     0.005516     0.022214      20391       20215.537572       20151.220420 
  223.8721    -0.004665     0.021989      28444       28618.178219       28658.673781 
  281.8383    -0.003380     0.022017      26797       26979.141823       27069.785911 
  354.8134    -1.000000     0.000000          0           0.000000           0.000000 
  446.6836    -1.000000     0.000000          0           0.000000           0.000000 
  562.3414    -1.000000     0.000000          0           0.000000           0.000000 
  707.9459    -1.000000     0.000000          0           0.000000           0.000000 
  891.2510    -1.000000     0.000000          0           0.000000           0.000000 
 1122.0186    -1.000000     0.000000          0           0.000000           0.000000 
 1412.5377    -1.000000     0.000000          0           0.000000           0.000000 
 1778.2796    -1.000000     0.000000          0           0.000000           0.000000 
 2238.7214    -1.000000     0.000000          0           0.000000           0.000000 
 2818.3833    -1.000000     0.000000          0           0.000000           0.000000 
 3548.1343    -1.000000     0.000000          0           0.000000           0.000000 
 4466.8365    -1.000000     0.000000          0           0.000000           0.000000 
 5623.4140    -1.000000     0.000000          0           0.000000           0.000000 
 7079.4588    -1.000000     0.000000          0           0.000000           0.000000 
 8912.5106    -1.000000     0.000000          0           0.000000           0.000000 
