# cosmology: omega= 0.27  lambda= 0.73
# redshift range: zmin= 0.30  zmax= 2.20
# magnitude limits: bmin=20.25  bmax=20.55
# absolute magnitude limits: amin=-99.00  amax= 99.00
# nq= 3563  fran= 50  rmax= 300.0
# mean values: z=1.3843  b_J=20.402  M_b=-24.688
    0.1122    -1.000000     0.000000          0           0.000000           0.000000 
    0.1413    -1.000000     0.000000          0           0.000000           0.000000 
    0.1778    -1.000000     0.000000          0           0.000000           0.000000 
    0.2239    -1.000000     0.000000          0           0.000000           0.000000 
    0.2818    -1.000000     0.000000          0           0.000000           0.000000 
    0.3548    -1.000000     0.000000          0           0.000000           0.000000 
    0.4467    -1.000000     0.000000          0           0.000000           0.000341 
    0.5623    -1.000000     0.000000          0           0.000000           0.000402 
    0.7079    -1.000000     0.000000          0           0.000000           0.000000 
    0.8913    -1.000000     0.000000          0           0.000000           0.001612 
    1.1220    -1.000000     0.000000          0           0.010108           0.013535 
    1.4125    -1.000000     0.000000          0           0.019815           0.015762 
    1.7783    -1.000000     0.000000          0           0.048833           0.032672 
    2.2387    -1.000000     0.000000          0           0.078488           0.053862 
    2.8184    -1.000000     0.000000          0           0.100128           0.107996 
    3.5481     3.177456     4.177456          1           0.250125           0.229511 
    4.4668    -1.000000     0.000000          0           0.391984           0.455580 
    5.6234     1.241032     1.584649          2           0.893697           0.882067 
    7.0795    -0.421108     0.578892          1           1.748335           1.756848 
    8.9125     0.413920     0.632324          5           3.492944           3.388424 
   11.2202     0.441153     0.480384          9           6.355107           6.639053 
   14.1254     0.396826     0.320454         19          13.503146          13.273594 
   17.7828     0.210591     0.214004         32          26.166440          25.757087 
   22.3872     0.141722     0.153950         55          49.152583          50.455894 
   28.1838     0.019172     0.101411        101          98.316833          97.503007 
   35.4813     0.082643     0.075800        204         188.865447         189.381922 
   44.6684     0.137916     0.056061        412         363.433301         365.239092 
   56.2341     0.036368     0.038463        726         699.194220         697.764444 
   70.7946    -0.045015     0.026436       1305        1343.326943        1322.137720 
   89.1251     0.003441     0.020009       2515        2492.080628        2477.686244 
  112.2019    -0.005411     0.016662       4598        4590.387213        4558.112081 
  141.2538    -0.003106     0.016701       8257        8237.346488        8192.247074 
  177.8280    -0.004812     0.016672      14285       14311.612079       14269.554674 
  223.8721     0.009685     0.016915      24133       23865.963027       23829.719159 
  281.8383     0.001952     0.016786      27894       27810.716430       27781.650635 
  354.8134    -1.000000     0.000000          0           0.000000           0.000000 
  446.6836    -1.000000     0.000000          0           0.000000           0.000000 
  562.3414    -1.000000     0.000000          0           0.000000           0.000000 
  707.9459    -1.000000     0.000000          0           0.000000           0.000000 
  891.2510    -1.000000     0.000000          0           0.000000           0.000000 
 1122.0186    -1.000000     0.000000          0           0.000000           0.000000 
 1412.5377    -1.000000     0.000000          0           0.000000           0.000000 
 1778.2796    -1.000000     0.000000          0           0.000000           0.000000 
 2238.7214    -1.000000     0.000000          0           0.000000           0.000000 
 2818.3833    -1.000000     0.000000          0           0.000000           0.000000 
 3548.1343    -1.000000     0.000000          0           0.000000           0.000000 
 4466.8365    -1.000000     0.000000          0           0.000000           0.000000 
 5623.4140    -1.000000     0.000000          0           0.000000           0.000000 
 7079.4588    -1.000000     0.000000          0           0.000000           0.000000 
 8912.5106    -1.000000     0.000000          0           0.000000           0.000000 
