# cosmology: omega= 0.27  lambda= 0.73
# redshift range: zmin= 0.30  zmax= 2.20
# magnitude limits: bmin=19.90  bmax=20.25
# absolute magnitude limits: amin=-99.00  amax= 99.00
# nq= 3624  fran= 50  rmax= 300.0
# mean values: z=1.3686  b_J=20.085  M_b=-24.979
    5.0000     0.915485     0.494576         15           7.807574           7.278591 
   15.0000    -0.019639     0.141503         48          48.558112          48.170213 
   25.0000     0.128408     0.094694        142         125.082284         124.100065 
   35.0000     0.089203     0.068343        254         232.745732         232.204922 
   45.0000    -0.026881     0.051217        361         369.966207         369.012919 
   55.0000     0.079195     0.045163        571         530.069838         531.208877 
   65.0000    -0.102361     0.035317        646         717.500812         715.737864 
   75.0000     0.036595     0.033667        948         918.233833         922.216119 
   85.0000     0.057615     0.030442       1207        1142.900192        1144.755070 
   95.0000     0.000777     0.027018       1372        1376.692342        1382.458466 
  105.0000    -0.007915     0.024810       1599        1623.210011        1634.483506 
  115.0000     0.015455     0.023229       1911        1887.812823        1893.896451 
  125.0000     0.002373     0.021553       2163        2158.676787        2159.477700 
  135.0000     0.024078     0.020581       2476        2424.224930        2430.981871 
  145.0000     0.008708     0.019334       2722        2700.878572        2703.296838 
  155.0000    -0.002464     0.018357       2953        2970.346489        2980.349677 
  165.0000    -0.013284     0.017435       3203        3250.258094        3254.286624 
  175.0000    -0.002059     0.016929       3475        3505.153644        3528.041661 
  185.0000    -0.016881     0.016331       3700        3779.144559        3794.237209 
  195.0000    -0.012181     0.016409       3967        4037.171900        4057.912789 
  205.0000     0.018782     0.016923       4321        4277.466715        4314.978480 
  215.0000    -0.016135     0.016343       4413        4526.953492        4567.215773 
  225.0000     0.004744     0.016690       4798        4791.886435        4808.586601 
  235.0000    -0.000476     0.016603       5001        5026.678056        5049.952915 
  245.0000    -0.022372     0.016240       5096        5245.699584        5277.336850 
  255.0000    -0.011217     0.016425       5383        5471.782436        5498.883625 
  265.0000    -0.008638     0.016468       5630        5697.434055        5715.500306 
  275.0000     0.003300     0.016666       5897        5900.882461        5924.316959 
  285.0000     0.006886     0.016726       6118        6099.919937        6124.009667 
  295.0000     0.028981     0.017093       6445        6293.104935        6324.497049 
  305.0000    -1.000000     0.000000          0           0.000000           0.000000 
  315.0000    -1.000000     0.000000          0           0.000000           0.000000 
  325.0000    -1.000000     0.000000          0           0.000000           0.000000 
  335.0000    -1.000000     0.000000          0           0.000000           0.000000 
  345.0000    -1.000000     0.000000          0           0.000000           0.000000 
  355.0000    -1.000000     0.000000          0           0.000000           0.000000 
  365.0000    -1.000000     0.000000          0           0.000000           0.000000 
  375.0000    -1.000000     0.000000          0           0.000000           0.000000 
  385.0000    -1.000000     0.000000          0           0.000000           0.000000 
  395.0000    -1.000000     0.000000          0           0.000000           0.000000 
  405.0000    -1.000000     0.000000          0           0.000000           0.000000 
  415.0000    -1.000000     0.000000          0           0.000000           0.000000 
  425.0000    -1.000000     0.000000          0           0.000000           0.000000 
  435.0000    -1.000000     0.000000          0           0.000000           0.000000 
  445.0000    -1.000000     0.000000          0           0.000000           0.000000 
  455.0000    -1.000000     0.000000          0           0.000000           0.000000 
  465.0000    -1.000000     0.000000          0           0.000000           0.000000 
  475.0000    -1.000000     0.000000          0           0.000000           0.000000 
  485.0000    -1.000000     0.000000          0           0.000000           0.000000 
  495.0000    -1.000000     0.000000          0           0.000000           0.000000 
  505.0000    -1.000000     0.000000          0           0.000000           0.000000 
  515.0000    -1.000000     0.000000          0           0.000000           0.000000 
  525.0000    -1.000000     0.000000          0           0.000000           0.000000 
  535.0000    -1.000000     0.000000          0           0.000000           0.000000 
  545.0000    -1.000000     0.000000          0           0.000000           0.000000 
  555.0000    -1.000000     0.000000          0           0.000000           0.000000 
  565.0000    -1.000000     0.000000          0           0.000000           0.000000 
  575.0000    -1.000000     0.000000          0           0.000000           0.000000 
  585.0000    -1.000000     0.000000          0           0.000000           0.000000 
  595.0000    -1.000000     0.000000          0           0.000000           0.000000 
  605.0000    -1.000000     0.000000          0           0.000000           0.000000 
  615.0000    -1.000000     0.000000          0           0.000000           0.000000 
  625.0000    -1.000000     0.000000          0           0.000000           0.000000 
  635.0000    -1.000000     0.000000          0           0.000000           0.000000 
  645.0000    -1.000000     0.000000          0           0.000000           0.000000 
  655.0000    -1.000000     0.000000          0           0.000000           0.000000 
  665.0000    -1.000000     0.000000          0           0.000000           0.000000 
  675.0000    -1.000000     0.000000          0           0.000000           0.000000 
  685.0000    -1.000000     0.000000          0           0.000000           0.000000 
  695.0000    -1.000000     0.000000          0           0.000000           0.000000 
  705.0000    -1.000000     0.000000          0           0.000000           0.000000 
  715.0000    -1.000000     0.000000          0           0.000000           0.000000 
  725.0000    -1.000000     0.000000          0           0.000000           0.000000 
  735.0000    -1.000000     0.000000          0           0.000000           0.000000 
  745.0000    -1.000000     0.000000          0           0.000000           0.000000 
  755.0000    -1.000000     0.000000          0           0.000000           0.000000 
  765.0000    -1.000000     0.000000          0           0.000000           0.000000 
  775.0000    -1.000000     0.000000          0           0.000000           0.000000 
  785.0000    -1.000000     0.000000          0           0.000000           0.000000 
  795.0000    -1.000000     0.000000          0           0.000000           0.000000 
  805.0000    -1.000000     0.000000          0           0.000000           0.000000 
  815.0000    -1.000000     0.000000          0           0.000000           0.000000 
  825.0000    -1.000000     0.000000          0           0.000000           0.000000 
  835.0000    -1.000000     0.000000          0           0.000000           0.000000 
  845.0000    -1.000000     0.000000          0           0.000000           0.000000 
  855.0000    -1.000000     0.000000          0           0.000000           0.000000 
  865.0000    -1.000000     0.000000          0           0.000000           0.000000 
  875.0000    -1.000000     0.000000          0           0.000000           0.000000 
  885.0000    -1.000000     0.000000          0           0.000000           0.000000 
  895.0000    -1.000000     0.000000          0           0.000000           0.000000 
  905.0000    -1.000000     0.000000          0           0.000000           0.000000 
  915.0000    -1.000000     0.000000          0           0.000000           0.000000 
  925.0000    -1.000000     0.000000          0           0.000000           0.000000 
  935.0000    -1.000000     0.000000          0           0.000000           0.000000 
  945.0000    -1.000000     0.000000          0           0.000000           0.000000 
  955.0000    -1.000000     0.000000          0           0.000000           0.000000 
  965.0000    -1.000000     0.000000          0           0.000000           0.000000 
  975.0000    -1.000000     0.000000          0           0.000000           0.000000 
  985.0000    -1.000000     0.000000          0           0.000000           0.000000 
  995.0000    -1.000000     0.000000          0           0.000000           0.000000 
