# cosmology: omega= 0.27  lambda= 0.73
# redshift range: zmin= 0.68  zmax= 0.92
# magnitude limits: bmin=10.00  bmax=21.00
# absolute magnitude limits: amin=-99.00  amax= 99.00
# nq= 2067  fran= 50  rmax= 300.0
# mean values: z=0.8039  b_J=19.934  M_b=-23.987
    0.1122    -1.000000     0.000000          0           0.000000           0.000000 
    0.1413    -1.000000     0.000000          0           0.000000           0.000402 
    0.1778    -1.000000     0.000000          0           0.000000           0.000000 
    0.2239    -1.000000     0.000000          1           0.000000           0.000000 
    0.2818    -1.000000     0.000000          0           0.000000           0.000000 
    0.3548    -1.000000     0.000000          0           0.000000           0.000811 
    0.4467    -1.000000     0.000000          0           0.000000           0.000822 
    0.5623    -1.000000     0.000000          0           0.000000           0.002096 
    0.7079    -1.000000     0.000000          0           0.000000           0.003670 
    0.8913    -1.000000     0.000000          0           0.000000           0.004022 
    1.1220    -1.000000     0.000000          0           0.060359           0.042005 
    1.4125    -1.000000     0.000000          0           0.060129           0.057068 
    1.7783     8.481704     9.481704          1           0.120629           0.101413 
    2.2387     4.099740     5.099740          1           0.189792           0.200151 
    2.8184     1.869384     2.869384          1           0.328934           0.393534 
    3.5481    -1.000000     0.000000          0           0.712465           0.777521 
    4.4668    -0.165626     0.834374          1           1.390537           1.527998 
    5.6234     1.117460     0.800325          7           3.322513           3.022088 
    7.0795     1.270803     0.606898         14           6.188520           5.993133 
    8.9125     0.223967     0.316027         15          12.073980          11.788113 
   11.2202     0.301339     0.241653         29          22.532330          22.993493 
   14.1254     0.132122     0.155509         53          46.078867          45.118940 
   17.7828     0.364738     0.125105        119          87.255833          87.383906 
   22.3872     0.046621     0.078892        176         168.488255         168.848395 
   28.1838     0.029484     0.056331        334         324.731932         325.047424 
   35.4813    -0.053204     0.038946        591         622.951066         621.818846 
   44.6684     0.011060     0.029248       1195        1180.219088        1178.471800 
   56.2341     0.004001     0.022083       2228        2214.970614        2210.785848 
   70.7946     0.023122     0.022504       4163        4073.629409        4078.563838 
   89.1251    -0.029539     0.021346       7175        7368.706472        7345.439457 
  112.2019    -0.015665     0.021651      12509       12724.930069       12741.267748 
  141.2538    -0.004623     0.021894      20878       20937.604589       20900.585908 
  177.8280     0.000215     0.022000      31812       31728.805266       31652.427816 
  223.8721     0.005723     0.022121      45539       45215.444896       45150.278657 
  281.8383    -0.005514     0.021874      45860       46154.931478       46195.126540 
  354.8134    -1.000000     0.000000          0           0.000000           0.000000 
  446.6836    -1.000000     0.000000          0           0.000000           0.000000 
  562.3414    -1.000000     0.000000          0           0.000000           0.000000 
  707.9459    -1.000000     0.000000          0           0.000000           0.000000 
  891.2510    -1.000000     0.000000          0           0.000000           0.000000 
 1122.0186    -1.000000     0.000000          0           0.000000           0.000000 
 1412.5377    -1.000000     0.000000          0           0.000000           0.000000 
 1778.2796    -1.000000     0.000000          0           0.000000           0.000000 
 2238.7214    -1.000000     0.000000          0           0.000000           0.000000 
 2818.3833    -1.000000     0.000000          0           0.000000           0.000000 
 3548.1343    -1.000000     0.000000          0           0.000000           0.000000 
 4466.8365    -1.000000     0.000000          0           0.000000           0.000000 
 5623.4140    -1.000000     0.000000          0           0.000000           0.000000 
 7079.4588    -1.000000     0.000000          0           0.000000           0.000000 
 8912.5106    -1.000000     0.000000          0           0.000000           0.000000 
