# cosmology: omega= 0.27  lambda= 0.73
# redshift range: zmin= 1.50  zmax= 1.66
# magnitude limits: bmin=10.00  bmax=21.00
# absolute magnitude limits: amin=-99.00  amax= 99.00
# nq= 2011  fran= 50  rmax= 300.0
# mean values: z=1.5787  b_J=20.022  M_b=-25.580
    5.0000     0.970144     0.315475         39          19.799109          20.036585 
   15.0000     0.288356     0.099399        168         130.778413         131.465749 
   25.0000     0.125463     0.057964        377         334.358640         333.567754 
   35.0000     0.006427     0.040387        621         613.695817         610.314372 
   45.0000     0.033220     0.032821        991         955.445539         951.500281 
   55.0000     0.059683     0.028121       1420        1339.873674        1339.704376 
   65.0000     0.015403     0.023960       1796        1768.668990        1768.580002 
   75.0000     0.018847     0.022720       2261        2220.038366        2220.934954 
   85.0000     0.019758     0.022740       2729        2684.733133        2693.687654 
   95.0000     0.007074     0.022457       3214        3183.535802        3175.534813 
  105.0000     0.006542     0.022445       3658        3643.524842        3652.948937 
  115.0000    -0.009380     0.022090       4051        4107.261395        4124.830559 
  125.0000    -0.013394     0.022001       4466        4550.785183        4574.303323 
  135.0000     0.002348     0.022352       4974        4981.059715        4999.858214 
  145.0000     0.014171     0.022615       5426        5370.650673        5391.708880 
  155.0000     0.002499     0.022355       5699        5708.642454        5732.612347 
  165.0000     0.006663     0.022448       5981        5985.712249        6030.608159 
  175.0000    -0.014902     0.021967       6092        6228.097230        6270.745018 
  185.0000    -0.005968     0.022166       6290        6388.970285        6449.451625 
  195.0000     0.001547     0.022334       6455        6502.300076        6559.749164 
  205.0000    -0.011913     0.022034       6410        6546.815492        6604.946585 
  215.0000    -0.020054     0.021852       6368        6547.027382        6593.820278 
  225.0000    -0.007659     0.022129       6454        6530.275565        6556.338634 
  235.0000    -0.014066     0.021986       6379        6484.569169        6498.727622 
  245.0000     0.006310     0.022440       6424        6401.227338        6418.956912 
  255.0000     0.011921     0.022565       6336        6289.624989        6318.574266 
  265.0000     0.008053     0.022479       6193        6171.186206        6199.294469 
  275.0000    -0.011545     0.022042       5951        6038.805484        6056.685328 
  285.0000    -0.005274     0.022182       5839        5888.786413        5907.418544 
  295.0000     0.017383     0.022687       5820        5739.899093        5759.922159 
  305.0000    -1.000000     0.000000          0           0.000000           0.000000 
  315.0000    -1.000000     0.000000          0           0.000000           0.000000 
  325.0000    -1.000000     0.000000          0           0.000000           0.000000 
  335.0000    -1.000000     0.000000          0           0.000000           0.000000 
  345.0000    -1.000000     0.000000          0           0.000000           0.000000 
  355.0000    -1.000000     0.000000          0           0.000000           0.000000 
  365.0000    -1.000000     0.000000          0           0.000000           0.000000 
  375.0000    -1.000000     0.000000          0           0.000000           0.000000 
  385.0000    -1.000000     0.000000          0           0.000000           0.000000 
  395.0000    -1.000000     0.000000          0           0.000000           0.000000 
  405.0000    -1.000000     0.000000          0           0.000000           0.000000 
  415.0000    -1.000000     0.000000          0           0.000000           0.000000 
  425.0000    -1.000000     0.000000          0           0.000000           0.000000 
  435.0000    -1.000000     0.000000          0           0.000000           0.000000 
  445.0000    -1.000000     0.000000          0           0.000000           0.000000 
  455.0000    -1.000000     0.000000          0           0.000000           0.000000 
  465.0000    -1.000000     0.000000          0           0.000000           0.000000 
  475.0000    -1.000000     0.000000          0           0.000000           0.000000 
  485.0000    -1.000000     0.000000          0           0.000000           0.000000 
  495.0000    -1.000000     0.000000          0           0.000000           0.000000 
  505.0000    -1.000000     0.000000          0           0.000000           0.000000 
  515.0000    -1.000000     0.000000          0           0.000000           0.000000 
  525.0000    -1.000000     0.000000          0           0.000000           0.000000 
  535.0000    -1.000000     0.000000          0           0.000000           0.000000 
  545.0000    -1.000000     0.000000          0           0.000000           0.000000 
  555.0000    -1.000000     0.000000          0           0.000000           0.000000 
  565.0000    -1.000000     0.000000          0           0.000000           0.000000 
  575.0000    -1.000000     0.000000          0           0.000000           0.000000 
  585.0000    -1.000000     0.000000          0           0.000000           0.000000 
  595.0000    -1.000000     0.000000          0           0.000000           0.000000 
  605.0000    -1.000000     0.000000          0           0.000000           0.000000 
  615.0000    -1.000000     0.000000          0           0.000000           0.000000 
  625.0000    -1.000000     0.000000          0           0.000000           0.000000 
  635.0000    -1.000000     0.000000          0           0.000000           0.000000 
  645.0000    -1.000000     0.000000          0           0.000000           0.000000 
  655.0000    -1.000000     0.000000          0           0.000000           0.000000 
  665.0000    -1.000000     0.000000          0           0.000000           0.000000 
  675.0000    -1.000000     0.000000          0           0.000000           0.000000 
  685.0000    -1.000000     0.000000          0           0.000000           0.000000 
  695.0000    -1.000000     0.000000          0           0.000000           0.000000 
  705.0000    -1.000000     0.000000          0           0.000000           0.000000 
  715.0000    -1.000000     0.000000          0           0.000000           0.000000 
  725.0000    -1.000000     0.000000          0           0.000000           0.000000 
  735.0000    -1.000000     0.000000          0           0.000000           0.000000 
  745.0000    -1.000000     0.000000          0           0.000000           0.000000 
  755.0000    -1.000000     0.000000          0           0.000000           0.000000 
  765.0000    -1.000000     0.000000          0           0.000000           0.000000 
  775.0000    -1.000000     0.000000          0           0.000000           0.000000 
  785.0000    -1.000000     0.000000          0           0.000000           0.000000 
  795.0000    -1.000000     0.000000          0           0.000000           0.000000 
  805.0000    -1.000000     0.000000          0           0.000000           0.000000 
  815.0000    -1.000000     0.000000          0           0.000000           0.000000 
  825.0000    -1.000000     0.000000          0           0.000000           0.000000 
  835.0000    -1.000000     0.000000          0           0.000000           0.000000 
  845.0000    -1.000000     0.000000          0           0.000000           0.000000 
  855.0000    -1.000000     0.000000          0           0.000000           0.000000 
  865.0000    -1.000000     0.000000          0           0.000000           0.000000 
  875.0000    -1.000000     0.000000          0           0.000000           0.000000 
  885.0000    -1.000000     0.000000          0           0.000000           0.000000 
  895.0000    -1.000000     0.000000          0           0.000000           0.000000 
  905.0000    -1.000000     0.000000          0           0.000000           0.000000 
  915.0000    -1.000000     0.000000          0           0.000000           0.000000 
  925.0000    -1.000000     0.000000          0           0.000000           0.000000 
  935.0000    -1.000000     0.000000          0           0.000000           0.000000 
  945.0000    -1.000000     0.000000          0           0.000000           0.000000 
  955.0000    -1.000000     0.000000          0           0.000000           0.000000 
  965.0000    -1.000000     0.000000          0           0.000000           0.000000 
  975.0000    -1.000000     0.000000          0           0.000000           0.000000 
  985.0000    -1.000000     0.000000          0           0.000000           0.000000 
  995.0000    -1.000000     0.000000          0           0.000000           0.000000 
 1005.0000    -1.000000     0.000000          0           0.000000           0.000000 
 1015.0000    -1.000000     0.000000          0           0.000000           0.000000 
 1025.0000    -1.000000     0.000000          0           0.000000           0.000000 
 1035.0000    -1.000000     0.000000          0           0.000000           0.000000 
 1045.0000    -1.000000     0.000000          0           0.000000           0.000000 
 1055.0000    -1.000000     0.000000          0           0.000000           0.000000 
 1065.0000    -1.000000     0.000000          0           0.000000           0.000000 
 1075.0000    -1.000000     0.000000          0           0.000000           0.000000 
 1085.0000    -1.000000     0.000000          0           0.000000           0.000000 
 1095.0000    -1.000000     0.000000          0           0.000000           0.000000 
 1105.0000    -1.000000     0.000000          0           0.000000           0.000000 
 1115.0000    -1.000000     0.000000          0           0.000000           0.000000 
 1125.0000    -1.000000     0.000000          0           0.000000           0.000000 
 1135.0000    -1.000000     0.000000          0           0.000000           0.000000 
 1145.0000    -1.000000     0.000000          0           0.000000           0.000000 
 1155.0000    -1.000000     0.000000          0           0.000000           0.000000 
 1165.0000    -1.000000     0.000000          0           0.000000           0.000000 
 1175.0000    -1.000000     0.000000          0           0.000000           0.000000 
 1185.0000    -1.000000     0.000000          0           0.000000           0.000000 
 1195.0000    -1.000000     0.000000          0           0.000000           0.000000 
 1205.0000    -1.000000     0.000000          0           0.000000           0.000000 
 1215.0000    -1.000000     0.000000          0           0.000000           0.000000 
 1225.0000    -1.000000     0.000000          0           0.000000           0.000000 
 1235.0000    -1.000000     0.000000          0           0.000000           0.000000 
 1245.0000    -1.000000     0.000000          0           0.000000           0.000000 
 1255.0000    -1.000000     0.000000          0           0.000000           0.000000 
 1265.0000    -1.000000     0.000000          0           0.000000           0.000000 
 1275.0000    -1.000000     0.000000          0           0.000000           0.000000 
 1285.0000    -1.000000     0.000000          0           0.000000           0.000000 
 1295.0000    -1.000000     0.000000          0           0.000000           0.000000 
 1305.0000    -1.000000     0.000000          0           0.000000           0.000000 
 1315.0000    -1.000000     0.000000          0           0.000000           0.000000 
 1325.0000    -1.000000     0.000000          0           0.000000           0.000000 
 1335.0000    -1.000000     0.000000          0           0.000000           0.000000 
 1345.0000    -1.000000     0.000000          0           0.000000           0.000000 
 1355.0000    -1.000000     0.000000          0           0.000000           0.000000 
 1365.0000    -1.000000     0.000000          0           0.000000           0.000000 
 1375.0000    -1.000000     0.000000          0           0.000000           0.000000 
 1385.0000    -1.000000     0.000000          0           0.000000           0.000000 
 1395.0000    -1.000000     0.000000          0           0.000000           0.000000 
 1405.0000    -1.000000     0.000000          0           0.000000           0.000000 
 1415.0000    -1.000000     0.000000          0           0.000000           0.000000 
 1425.0000    -1.000000     0.000000          0           0.000000           0.000000 
 1435.0000    -1.000000     0.000000          0           0.000000           0.000000 
 1445.0000    -1.000000     0.000000          0           0.000000           0.000000 
 1455.0000    -1.000000     0.000000          0           0.000000           0.000000 
 1465.0000    -1.000000     0.000000          0           0.000000           0.000000 
 1475.0000    -1.000000     0.000000          0           0.000000           0.000000 
 1485.0000    -1.000000     0.000000          0           0.000000           0.000000 
 1495.0000    -1.000000     0.000000          0           0.000000           0.000000 
 1505.0000    -1.000000     0.000000          0           0.000000           0.000000 
 1515.0000    -1.000000     0.000000          0           0.000000           0.000000 
 1525.0000    -1.000000     0.000000          0           0.000000           0.000000 
 1535.0000    -1.000000     0.000000          0           0.000000           0.000000 
 1545.0000    -1.000000     0.000000          0           0.000000           0.000000 
 1555.0000    -1.000000     0.000000          0           0.000000           0.000000 
 1565.0000    -1.000000     0.000000          0           0.000000           0.000000 
 1575.0000    -1.000000     0.000000          0           0.000000           0.000000 
 1585.0000    -1.000000     0.000000          0           0.000000           0.000000 
 1595.0000    -1.000000     0.000000          0           0.000000           0.000000 
 1605.0000    -1.000000     0.000000          0           0.000000           0.000000 
 1615.0000    -1.000000     0.000000          0           0.000000           0.000000 
 1625.0000    -1.000000     0.000000          0           0.000000           0.000000 
 1635.0000    -1.000000     0.000000          0           0.000000           0.000000 
 1645.0000    -1.000000     0.000000          0           0.000000           0.000000 
 1655.0000    -1.000000     0.000000          0           0.000000           0.000000 
 1665.0000    -1.000000     0.000000          0           0.000000           0.000000 
 1675.0000    -1.000000     0.000000          0           0.000000           0.000000 
 1685.0000    -1.000000     0.000000          0           0.000000           0.000000 
 1695.0000    -1.000000     0.000000          0           0.000000           0.000000 
 1705.0000    -1.000000     0.000000          0           0.000000           0.000000 
 1715.0000    -1.000000     0.000000          0           0.000000           0.000000 
 1725.0000    -1.000000     0.000000          0           0.000000           0.000000 
 1735.0000    -1.000000     0.000000          0           0.000000           0.000000 
 1745.0000    -1.000000     0.000000          0           0.000000           0.000000 
 1755.0000    -1.000000     0.000000          0           0.000000           0.000000 
 1765.0000    -1.000000     0.000000          0           0.000000           0.000000 
 1775.0000    -1.000000     0.000000          0           0.000000           0.000000 
 1785.0000    -1.000000     0.000000          0           0.000000           0.000000 
 1795.0000    -1.000000     0.000000          0           0.000000           0.000000 
 1805.0000    -1.000000     0.000000          0           0.000000           0.000000 
 1815.0000    -1.000000     0.000000          0           0.000000           0.000000 
 1825.0000    -1.000000     0.000000          0           0.000000           0.000000 
 1835.0000    -1.000000     0.000000          0           0.000000           0.000000 
 1845.0000    -1.000000     0.000000          0           0.000000           0.000000 
 1855.0000    -1.000000     0.000000          0           0.000000           0.000000 
 1865.0000    -1.000000     0.000000          0           0.000000           0.000000 
 1875.0000    -1.000000     0.000000          0           0.000000           0.000000 
 1885.0000    -1.000000     0.000000          0           0.000000           0.000000 
 1895.0000    -1.000000     0.000000          0           0.000000           0.000000 
 1905.0000    -1.000000     0.000000          0           0.000000           0.000000 
 1915.0000    -1.000000     0.000000          0           0.000000           0.000000 
 1925.0000    -1.000000     0.000000          0           0.000000           0.000000 
 1935.0000    -1.000000     0.000000          0           0.000000           0.000000 
 1945.0000    -1.000000     0.000000          0           0.000000           0.000000 
 1955.0000    -1.000000     0.000000          0           0.000000           0.000000 
 1965.0000    -1.000000     0.000000          0           0.000000           0.000000 
 1975.0000    -1.000000     0.000000          0           0.000000           0.000000 
 1985.0000    -1.000000     0.000000          0           0.000000           0.000000 
 1995.0000    -1.000000     0.000000          0           0.000000           0.000000 
 2005.0000    -1.000000     0.000000          0           0.000000           0.000000 
 2015.0000    -1.000000     0.000000          0           0.000000           0.000000 
 2025.0000    -1.000000     0.000000          0           0.000000           0.000000 
 2035.0000    -1.000000     0.000000          0           0.000000           0.000000 
 2045.0000    -1.000000     0.000000          0           0.000000           0.000000 
 2055.0000    -1.000000     0.000000          0           0.000000           0.000000 
 2065.0000    -1.000000     0.000000          0           0.000000           0.000000 
 2075.0000    -1.000000     0.000000          0           0.000000           0.000000 
 2085.0000    -1.000000     0.000000          0           0.000000           0.000000 
 2095.0000    -1.000000     0.000000          0           0.000000           0.000000 
 2105.0000    -1.000000     0.000000          0           0.000000           0.000000 
 2115.0000    -1.000000     0.000000          0           0.000000           0.000000 
 2125.0000    -1.000000     0.000000          0           0.000000           0.000000 
 2135.0000    -1.000000     0.000000          0           0.000000           0.000000 
 2145.0000    -1.000000     0.000000          0           0.000000           0.000000 
 2155.0000    -1.000000     0.000000          0           0.000000           0.000000 
 2165.0000    -1.000000     0.000000          0           0.000000           0.000000 
 2175.0000    -1.000000     0.000000          0           0.000000           0.000000 
 2185.0000    -1.000000     0.000000          0           0.000000           0.000000 
 2195.0000    -1.000000     0.000000          0           0.000000           0.000000 
 2205.0000    -1.000000     0.000000          0           0.000000           0.000000 
 2215.0000    -1.000000     0.000000          0           0.000000           0.000000 
 2225.0000    -1.000000     0.000000          0           0.000000           0.000000 
 2235.0000    -1.000000     0.000000          0           0.000000           0.000000 
 2245.0000    -1.000000     0.000000          0           0.000000           0.000000 
 2255.0000    -1.000000     0.000000          0           0.000000           0.000000 
 2265.0000    -1.000000     0.000000          0           0.000000           0.000000 
 2275.0000    -1.000000     0.000000          0           0.000000           0.000000 
 2285.0000    -1.000000     0.000000          0           0.000000           0.000000 
 2295.0000    -1.000000     0.000000          0           0.000000           0.000000 
 2305.0000    -1.000000     0.000000          0           0.000000           0.000000 
 2315.0000    -1.000000     0.000000          0           0.000000           0.000000 
 2325.0000    -1.000000     0.000000          0           0.000000           0.000000 
 2335.0000    -1.000000     0.000000          0           0.000000           0.000000 
 2345.0000    -1.000000     0.000000          0           0.000000           0.000000 
 2355.0000    -1.000000     0.000000          0           0.000000           0.000000 
 2365.0000    -1.000000     0.000000          0           0.000000           0.000000 
 2375.0000    -1.000000     0.000000          0           0.000000           0.000000 
 2385.0000    -1.000000     0.000000          0           0.000000           0.000000 
 2395.0000    -1.000000     0.000000          0           0.000000           0.000000 
 2405.0000    -1.000000     0.000000          0           0.000000           0.000000 
 2415.0000    -1.000000     0.000000          0           0.000000           0.000000 
 2425.0000    -1.000000     0.000000          0           0.000000           0.000000 
 2435.0000    -1.000000     0.000000          0           0.000000           0.000000 
 2445.0000    -1.000000     0.000000          0           0.000000           0.000000 
 2455.0000    -1.000000     0.000000          0           0.000000           0.000000 
 2465.0000    -1.000000     0.000000          0           0.000000           0.000000 
 2475.0000    -1.000000     0.000000          0           0.000000           0.000000 
 2485.0000    -1.000000     0.000000          0           0.000000           0.000000 
 2495.0000    -1.000000     0.000000          0           0.000000           0.000000 
 2505.0000    -1.000000     0.000000          0           0.000000           0.000000 
 2515.0000    -1.000000     0.000000          0           0.000000           0.000000 
 2525.0000    -1.000000     0.000000          0           0.000000           0.000000 
 2535.0000    -1.000000     0.000000          0           0.000000           0.000000 
 2545.0000    -1.000000     0.000000          0           0.000000           0.000000 
 2555.0000    -1.000000     0.000000          0           0.000000           0.000000 
 2565.0000    -1.000000     0.000000          0           0.000000           0.000000 
 2575.0000    -1.000000     0.000000          0           0.000000           0.000000 
 2585.0000    -1.000000     0.000000          0           0.000000           0.000000 
 2595.0000    -1.000000     0.000000          0           0.000000           0.000000 
 2605.0000    -1.000000     0.000000          0           0.000000           0.000000 
 2615.0000    -1.000000     0.000000          0           0.000000           0.000000 
 2625.0000    -1.000000     0.000000          0           0.000000           0.000000 
 2635.0000    -1.000000     0.000000          0           0.000000           0.000000 
 2645.0000    -1.000000     0.000000          0           0.000000           0.000000 
 2655.0000    -1.000000     0.000000          0           0.000000           0.000000 
 2665.0000    -1.000000     0.000000          0           0.000000           0.000000 
 2675.0000    -1.000000     0.000000          0           0.000000           0.000000 
 2685.0000    -1.000000     0.000000          0           0.000000           0.000000 
 2695.0000    -1.000000     0.000000          0           0.000000           0.000000 
 2705.0000    -1.000000     0.000000          0           0.000000           0.000000 
 2715.0000    -1.000000     0.000000          0           0.000000           0.000000 
 2725.0000    -1.000000     0.000000          0           0.000000           0.000000 
 2735.0000    -1.000000     0.000000          0           0.000000           0.000000 
 2745.0000    -1.000000     0.000000          0           0.000000           0.000000 
 2755.0000    -1.000000     0.000000          0           0.000000           0.000000 
 2765.0000    -1.000000     0.000000          0           0.000000           0.000000 
 2775.0000    -1.000000     0.000000          0           0.000000           0.000000 
 2785.0000    -1.000000     0.000000          0           0.000000           0.000000 
 2795.0000    -1.000000     0.000000          0           0.000000           0.000000 
 2805.0000    -1.000000     0.000000          0           0.000000           0.000000 
 2815.0000    -1.000000     0.000000          0           0.000000           0.000000 
 2825.0000    -1.000000     0.000000          0           0.000000           0.000000 
 2835.0000    -1.000000     0.000000          0           0.000000           0.000000 
 2845.0000    -1.000000     0.000000          0           0.000000           0.000000 
 2855.0000    -1.000000     0.000000          0           0.000000           0.000000 
 2865.0000    -1.000000     0.000000          0           0.000000           0.000000 
 2875.0000    -1.000000     0.000000          0           0.000000           0.000000 
 2885.0000    -1.000000     0.000000          0           0.000000           0.000000 
 2895.0000    -1.000000     0.000000          0           0.000000           0.000000 
 2905.0000    -1.000000     0.000000          0           0.000000           0.000000 
 2915.0000    -1.000000     0.000000          0           0.000000           0.000000 
 2925.0000    -1.000000     0.000000          0           0.000000           0.000000 
 2935.0000    -1.000000     0.000000          0           0.000000           0.000000 
 2945.0000    -1.000000     0.000000          0           0.000000           0.000000 
 2955.0000    -1.000000     0.000000          0           0.000000           0.000000 
 2965.0000    -1.000000     0.000000          0           0.000000           0.000000 
 2975.0000    -1.000000     0.000000          0           0.000000           0.000000 
 2985.0000    -1.000000     0.000000          0           0.000000           0.000000 
 2995.0000    -1.000000     0.000000          0           0.000000           0.000000 
 3005.0000    -1.000000     0.000000          0           0.000000           0.000000 
 3015.0000    -1.000000     0.000000          0           0.000000           0.000000 
 3025.0000    -1.000000     0.000000          0           0.000000           0.000000 
 3035.0000    -1.000000     0.000000          0           0.000000           0.000000 
 3045.0000    -1.000000     0.000000          0           0.000000           0.000000 
 3055.0000    -1.000000     0.000000          0           0.000000           0.000000 
 3065.0000    -1.000000     0.000000          0           0.000000           0.000000 
 3075.0000    -1.000000     0.000000          0           0.000000           0.000000 
 3085.0000    -1.000000     0.000000          0           0.000000           0.000000 
 3095.0000    -1.000000     0.000000          0           0.000000           0.000000 
 3105.0000    -1.000000     0.000000          0           0.000000           0.000000 
 3115.0000    -1.000000     0.000000          0           0.000000           0.000000 
 3125.0000    -1.000000     0.000000          0           0.000000           0.000000 
 3135.0000    -1.000000     0.000000          0           0.000000           0.000000 
 3145.0000    -1.000000     0.000000          0           0.000000           0.000000 
 3155.0000    -1.000000     0.000000          0           0.000000           0.000000 
 3165.0000    -1.000000     0.000000          0           0.000000           0.000000 
 3175.0000    -1.000000     0.000000          0           0.000000           0.000000 
 3185.0000    -1.000000     0.000000          0           0.000000           0.000000 
 3195.0000    -1.000000     0.000000          0           0.000000           0.000000 
 3205.0000    -1.000000     0.000000          0           0.000000           0.000000 
 3215.0000    -1.000000     0.000000          0           0.000000           0.000000 
 3225.0000    -1.000000     0.000000          0           0.000000           0.000000 
 3235.0000    -1.000000     0.000000          0           0.000000           0.000000 
 3245.0000    -1.000000     0.000000          0           0.000000           0.000000 
 3255.0000    -1.000000     0.000000          0           0.000000           0.000000 
 3265.0000    -1.000000     0.000000          0           0.000000           0.000000 
 3275.0000    -1.000000     0.000000          0           0.000000           0.000000 
 3285.0000    -1.000000     0.000000          0           0.000000           0.000000 
 3295.0000    -1.000000     0.000000          0           0.000000           0.000000 
 3305.0000    -1.000000     0.000000          0           0.000000           0.000000 
 3315.0000    -1.000000     0.000000          0           0.000000           0.000000 
 3325.0000    -1.000000     0.000000          0           0.000000           0.000000 
 3335.0000    -1.000000     0.000000          0           0.000000           0.000000 
 3345.0000    -1.000000     0.000000          0           0.000000           0.000000 
 3355.0000    -1.000000     0.000000          0           0.000000           0.000000 
 3365.0000    -1.000000     0.000000          0           0.000000           0.000000 
 3375.0000    -1.000000     0.000000          0           0.000000           0.000000 
 3385.0000    -1.000000     0.000000          0           0.000000           0.000000 
 3395.0000    -1.000000     0.000000          0           0.000000           0.000000 
 3405.0000    -1.000000     0.000000          0           0.000000           0.000000 
 3415.0000    -1.000000     0.000000          0           0.000000           0.000000 
 3425.0000    -1.000000     0.000000          0           0.000000           0.000000 
 3435.0000    -1.000000     0.000000          0           0.000000           0.000000 
 3445.0000    -1.000000     0.000000          0           0.000000           0.000000 
 3455.0000    -1.000000     0.000000          0           0.000000           0.000000 
 3465.0000    -1.000000     0.000000          0           0.000000           0.000000 
 3475.0000    -1.000000     0.000000          0           0.000000           0.000000 
 3485.0000    -1.000000     0.000000          0           0.000000           0.000000 
 3495.0000    -1.000000     0.000000          0           0.000000           0.000000 
 3505.0000    -1.000000     0.000000          0           0.000000           0.000000 
 3515.0000    -1.000000     0.000000          0           0.000000           0.000000 
 3525.0000    -1.000000     0.000000          0           0.000000           0.000000 
 3535.0000    -1.000000     0.000000          0           0.000000           0.000000 
 3545.0000    -1.000000     0.000000          0           0.000000           0.000000 
 3555.0000    -1.000000     0.000000          0           0.000000           0.000000 
 3565.0000    -1.000000     0.000000          0           0.000000           0.000000 
 3575.0000    -1.000000     0.000000          0           0.000000           0.000000 
 3585.0000    -1.000000     0.000000          0           0.000000           0.000000 
 3595.0000    -1.000000     0.000000          0           0.000000           0.000000 
 3605.0000    -1.000000     0.000000          0           0.000000           0.000000 
 3615.0000    -1.000000     0.000000          0           0.000000           0.000000 
 3625.0000    -1.000000     0.000000          0           0.000000           0.000000 
 3635.0000    -1.000000     0.000000          0           0.000000           0.000000 
 3645.0000    -1.000000     0.000000          0           0.000000           0.000000 
 3655.0000    -1.000000     0.000000          0           0.000000           0.000000 
 3665.0000    -1.000000     0.000000          0           0.000000           0.000000 
 3675.0000    -1.000000     0.000000          0           0.000000           0.000000 
 3685.0000    -1.000000     0.000000          0           0.000000           0.000000 
 3695.0000    -1.000000     0.000000          0           0.000000           0.000000 
 3705.0000    -1.000000     0.000000          0           0.000000           0.000000 
 3715.0000    -1.000000     0.000000          0           0.000000           0.000000 
 3725.0000    -1.000000     0.000000          0           0.000000           0.000000 
 3735.0000    -1.000000     0.000000          0           0.000000           0.000000 
 3745.0000    -1.000000     0.000000          0           0.000000           0.000000 
 3755.0000    -1.000000     0.000000          0           0.000000           0.000000 
 3765.0000    -1.000000     0.000000          0           0.000000           0.000000 
 3775.0000    -1.000000     0.000000          0           0.000000           0.000000 
 3785.0000    -1.000000     0.000000          0           0.000000           0.000000 
 3795.0000    -1.000000     0.000000          0           0.000000           0.000000 
 3805.0000    -1.000000     0.000000          0           0.000000           0.000000 
 3815.0000    -1.000000     0.000000          0           0.000000           0.000000 
 3825.0000    -1.000000     0.000000          0           0.000000           0.000000 
 3835.0000    -1.000000     0.000000          0           0.000000           0.000000 
 3845.0000    -1.000000     0.000000          0           0.000000           0.000000 
 3855.0000    -1.000000     0.000000          0           0.000000           0.000000 
 3865.0000    -1.000000     0.000000          0           0.000000           0.000000 
 3875.0000    -1.000000     0.000000          0           0.000000           0.000000 
 3885.0000    -1.000000     0.000000          0           0.000000           0.000000 
 3895.0000    -1.000000     0.000000          0           0.000000           0.000000 
 3905.0000    -1.000000     0.000000          0           0.000000           0.000000 
 3915.0000    -1.000000     0.000000          0           0.000000           0.000000 
 3925.0000    -1.000000     0.000000          0           0.000000           0.000000 
 3935.0000    -1.000000     0.000000          0           0.000000           0.000000 
 3945.0000    -1.000000     0.000000          0           0.000000           0.000000 
 3955.0000    -1.000000     0.000000          0           0.000000           0.000000 
 3965.0000    -1.000000     0.000000          0           0.000000           0.000000 
 3975.0000    -1.000000     0.000000          0           0.000000           0.000000 
 3985.0000    -1.000000     0.000000          0           0.000000           0.000000 
 3995.0000    -1.000000     0.000000          0           0.000000           0.000000 
 4005.0000    -1.000000     0.000000          0           0.000000           0.000000 
 4015.0000    -1.000000     0.000000          0           0.000000           0.000000 
 4025.0000    -1.000000     0.000000          0           0.000000           0.000000 
 4035.0000    -1.000000     0.000000          0           0.000000           0.000000 
 4045.0000    -1.000000     0.000000          0           0.000000           0.000000 
 4055.0000    -1.000000     0.000000          0           0.000000           0.000000 
 4065.0000    -1.000000     0.000000          0           0.000000           0.000000 
 4075.0000    -1.000000     0.000000          0           0.000000           0.000000 
 4085.0000    -1.000000     0.000000          0           0.000000           0.000000 
 4095.0000    -1.000000     0.000000          0           0.000000           0.000000 
 4105.0000    -1.000000     0.000000          0           0.000000           0.000000 
 4115.0000    -1.000000     0.000000          0           0.000000           0.000000 
 4125.0000    -1.000000     0.000000          0           0.000000           0.000000 
 4135.0000    -1.000000     0.000000          0           0.000000           0.000000 
 4145.0000    -1.000000     0.000000          0           0.000000           0.000000 
 4155.0000    -1.000000     0.000000          0           0.000000           0.000000 
 4165.0000    -1.000000     0.000000          0           0.000000           0.000000 
 4175.0000    -1.000000     0.000000          0           0.000000           0.000000 
 4185.0000    -1.000000     0.000000          0           0.000000           0.000000 
 4195.0000    -1.000000     0.000000          0           0.000000           0.000000 
 4205.0000    -1.000000     0.000000          0           0.000000           0.000000 
 4215.0000    -1.000000     0.000000          0           0.000000           0.000000 
 4225.0000    -1.000000     0.000000          0           0.000000           0.000000 
 4235.0000    -1.000000     0.000000          0           0.000000           0.000000 
 4245.0000    -1.000000     0.000000          0           0.000000           0.000000 
 4255.0000    -1.000000     0.000000          0           0.000000           0.000000 
 4265.0000    -1.000000     0.000000          0           0.000000           0.000000 
 4275.0000    -1.000000     0.000000          0           0.000000           0.000000 
 4285.0000    -1.000000     0.000000          0           0.000000           0.000000 
 4295.0000    -1.000000     0.000000          0           0.000000           0.000000 
 4305.0000    -1.000000     0.000000          0           0.000000           0.000000 
 4315.0000    -1.000000     0.000000          0           0.000000           0.000000 
 4325.0000    -1.000000     0.000000          0           0.000000           0.000000 
 4335.0000    -1.000000     0.000000          0           0.000000           0.000000 
 4345.0000    -1.000000     0.000000          0           0.000000           0.000000 
 4355.0000    -1.000000     0.000000          0           0.000000           0.000000 
 4365.0000    -1.000000     0.000000          0           0.000000           0.000000 
 4375.0000    -1.000000     0.000000          0           0.000000           0.000000 
 4385.0000    -1.000000     0.000000          0           0.000000           0.000000 
 4395.0000    -1.000000     0.000000          0           0.000000           0.000000 
 4405.0000    -1.000000     0.000000          0           0.000000           0.000000 
 4415.0000    -1.000000     0.000000          0           0.000000           0.000000 
 4425.0000    -1.000000     0.000000          0           0.000000           0.000000 
 4435.0000    -1.000000     0.000000          0           0.000000           0.000000 
 4445.0000    -1.000000     0.000000          0           0.000000           0.000000 
 4455.0000    -1.000000     0.000000          0           0.000000           0.000000 
 4465.0000    -1.000000     0.000000          0           0.000000           0.000000 
 4475.0000    -1.000000     0.000000          0           0.000000           0.000000 
 4485.0000    -1.000000     0.000000          0           0.000000           0.000000 
 4495.0000    -1.000000     0.000000          0           0.000000           0.000000 
 4505.0000    -1.000000     0.000000          0           0.000000           0.000000 
 4515.0000    -1.000000     0.000000          0           0.000000           0.000000 
 4525.0000    -1.000000     0.000000          0           0.000000           0.000000 
 4535.0000    -1.000000     0.000000          0           0.000000           0.000000 
 4545.0000    -1.000000     0.000000          0           0.000000           0.000000 
 4555.0000    -1.000000     0.000000          0           0.000000           0.000000 
 4565.0000    -1.000000     0.000000          0           0.000000           0.000000 
 4575.0000    -1.000000     0.000000          0           0.000000           0.000000 
 4585.0000    -1.000000     0.000000          0           0.000000           0.000000 
 4595.0000    -1.000000     0.000000          0           0.000000           0.000000 
 4605.0000    -1.000000     0.000000          0           0.000000           0.000000 
 4615.0000    -1.000000     0.000000          0           0.000000           0.000000 
 4625.0000    -1.000000     0.000000          0           0.000000           0.000000 
 4635.0000    -1.000000     0.000000          0           0.000000           0.000000 
 4645.0000    -1.000000     0.000000          0           0.000000           0.000000 
 4655.0000    -1.000000     0.000000          0           0.000000           0.000000 
 4665.0000    -1.000000     0.000000          0           0.000000           0.000000 
 4675.0000    -1.000000     0.000000          0           0.000000           0.000000 
 4685.0000    -1.000000     0.000000          0           0.000000           0.000000 
 4695.0000    -1.000000     0.000000          0           0.000000           0.000000 
 4705.0000    -1.000000     0.000000          0           0.000000           0.000000 
 4715.0000    -1.000000     0.000000          0           0.000000           0.000000 
 4725.0000    -1.000000     0.000000          0           0.000000           0.000000 
 4735.0000    -1.000000     0.000000          0           0.000000           0.000000 
 4745.0000    -1.000000     0.000000          0           0.000000           0.000000 
 4755.0000    -1.000000     0.000000          0           0.000000           0.000000 
 4765.0000    -1.000000     0.000000          0           0.000000           0.000000 
 4775.0000    -1.000000     0.000000          0           0.000000           0.000000 
 4785.0000    -1.000000     0.000000          0           0.000000           0.000000 
 4795.0000    -1.000000     0.000000          0           0.000000           0.000000 
 4805.0000    -1.000000     0.000000          0           0.000000           0.000000 
 4815.0000    -1.000000     0.000000          0           0.000000           0.000000 
 4825.0000    -1.000000     0.000000          0           0.000000           0.000000 
 4835.0000    -1.000000     0.000000          0           0.000000           0.000000 
 4845.0000    -1.000000     0.000000          0           0.000000           0.000000 
 4855.0000    -1.000000     0.000000          0           0.000000           0.000000 
 4865.0000    -1.000000     0.000000          0           0.000000           0.000000 
 4875.0000    -1.000000     0.000000          0           0.000000           0.000000 
 4885.0000    -1.000000     0.000000          0           0.000000           0.000000 
 4895.0000    -1.000000     0.000000          0           0.000000           0.000000 
 4905.0000    -1.000000     0.000000          0           0.000000           0.000000 
 4915.0000    -1.000000     0.000000          0           0.000000           0.000000 
 4925.0000    -1.000000     0.000000          0           0.000000           0.000000 
 4935.0000    -1.000000     0.000000          0           0.000000           0.000000 
 4945.0000    -1.000000     0.000000          0           0.000000           0.000000 
 4955.0000    -1.000000     0.000000          0           0.000000           0.000000 
 4965.0000    -1.000000     0.000000          0           0.000000           0.000000 
 4975.0000    -1.000000     0.000000          0           0.000000           0.000000 
 4985.0000    -1.000000     0.000000          0           0.000000           0.000000 
 4995.0000    -1.000000     0.000000          0           0.000000           0.000000 
