# cosmology: omega= 0.27  lambda= 0.73
# redshift range: zmin= 0.30  zmax= 2.20
# magnitude limits: bmin=19.45  bmax=19.90
# absolute magnitude limits: amin=-99.00  amax= 99.00
# nq= 3521  fran= 50  rmax= 300.0
# mean values: z=1.3358  b_J=19.689  M_b=-25.295
    5.0000     1.600305     0.612898         18           6.907775           6.970543 
   15.0000     0.434617     0.179327         64          45.030368          46.093937 
   25.0000     0.040710     0.093459        124         119.061111         118.965361 
   35.0000    -0.043122     0.066031        210         220.828132         222.079847 
   45.0000     0.047204     0.054964        363         349.575905         352.805798 
   55.0000     0.060341     0.045757        537         505.668328         504.796720 
   65.0000     0.046874     0.039124        716         681.971797         679.809300 
   75.0000    -0.012409     0.033735        857         870.355879         872.879868 
   85.0000    -0.014048     0.030283       1060        1078.363807        1081.533945 
   95.0000     0.032475     0.028450       1317        1288.610736        1302.521403 
  105.0000    -0.025885     0.025278       1485        1529.443723        1534.175561 
  115.0000    -0.071832     0.022947       1636        1767.690705        1772.089476 
  125.0000     0.024513     0.022562       2062        2014.643011        2016.721944 
  135.0000     0.002119     0.021056       2265        2263.514080        2266.830765 
  145.0000     0.037837     0.020358       2599        2509.816244        2515.823210 
  155.0000     0.001463     0.019028       2770        2766.693823        2767.437650 
  165.0000    -0.012844     0.018114       2970        3013.179428        3017.599641 
  175.0000     0.019147     0.017656       3332        3269.024396        3268.632775 
  185.0000    -0.011772     0.016786       3466        3508.840420        3510.357372 
  195.0000    -0.034706     0.016268       3601        3741.353356        3751.508412 
  205.0000    -0.010969     0.016668       3928        3978.778801        3985.838085 
  215.0000     0.010733     0.017033       4244        4207.721944        4216.701440 
  225.0000    -0.004139     0.016783       4429        4442.970555        4438.570548 
  235.0000     0.014010     0.017089       4694        4642.133780        4655.490375 
  245.0000     0.006882     0.016969       4926        4881.087349        4869.689715 
  255.0000     0.001982     0.016886       5081        5071.192377        5071.435046 
  265.0000     0.026431     0.017298       5401        5266.268057        5270.848289 
  275.0000    -0.004123     0.016783       5427        5455.354161        5461.193350 
  285.0000    -0.002603     0.016809       5630        5647.053279        5649.400926 
  295.0000     0.007768     0.016984       5890        5835.890473        5827.042917 
  305.0000    -1.000000     0.000000          0           0.000000           0.000000 
  315.0000    -1.000000     0.000000          0           0.000000           0.000000 
  325.0000    -1.000000     0.000000          0           0.000000           0.000000 
  335.0000    -1.000000     0.000000          0           0.000000           0.000000 
  345.0000    -1.000000     0.000000          0           0.000000           0.000000 
  355.0000    -1.000000     0.000000          0           0.000000           0.000000 
  365.0000    -1.000000     0.000000          0           0.000000           0.000000 
  375.0000    -1.000000     0.000000          0           0.000000           0.000000 
  385.0000    -1.000000     0.000000          0           0.000000           0.000000 
  395.0000    -1.000000     0.000000          0           0.000000           0.000000 
  405.0000    -1.000000     0.000000          0           0.000000           0.000000 
  415.0000    -1.000000     0.000000          0           0.000000           0.000000 
  425.0000    -1.000000     0.000000          0           0.000000           0.000000 
  435.0000    -1.000000     0.000000          0           0.000000           0.000000 
  445.0000    -1.000000     0.000000          0           0.000000           0.000000 
  455.0000    -1.000000     0.000000          0           0.000000           0.000000 
  465.0000    -1.000000     0.000000          0           0.000000           0.000000 
  475.0000    -1.000000     0.000000          0           0.000000           0.000000 
  485.0000    -1.000000     0.000000          0           0.000000           0.000000 
  495.0000    -1.000000     0.000000          0           0.000000           0.000000 
  505.0000    -1.000000     0.000000          0           0.000000           0.000000 
  515.0000    -1.000000     0.000000          0           0.000000           0.000000 
  525.0000    -1.000000     0.000000          0           0.000000           0.000000 
  535.0000    -1.000000     0.000000          0           0.000000           0.000000 
  545.0000    -1.000000     0.000000          0           0.000000           0.000000 
  555.0000    -1.000000     0.000000          0           0.000000           0.000000 
  565.0000    -1.000000     0.000000          0           0.000000           0.000000 
  575.0000    -1.000000     0.000000          0           0.000000           0.000000 
  585.0000    -1.000000     0.000000          0           0.000000           0.000000 
  595.0000    -1.000000     0.000000          0           0.000000           0.000000 
  605.0000    -1.000000     0.000000          0           0.000000           0.000000 
  615.0000    -1.000000     0.000000          0           0.000000           0.000000 
  625.0000    -1.000000     0.000000          0           0.000000           0.000000 
  635.0000    -1.000000     0.000000          0           0.000000           0.000000 
  645.0000    -1.000000     0.000000          0           0.000000           0.000000 
  655.0000    -1.000000     0.000000          0           0.000000           0.000000 
  665.0000    -1.000000     0.000000          0           0.000000           0.000000 
  675.0000    -1.000000     0.000000          0           0.000000           0.000000 
  685.0000    -1.000000     0.000000          0           0.000000           0.000000 
  695.0000    -1.000000     0.000000          0           0.000000           0.000000 
  705.0000    -1.000000     0.000000          0           0.000000           0.000000 
  715.0000    -1.000000     0.000000          0           0.000000           0.000000 
  725.0000    -1.000000     0.000000          0           0.000000           0.000000 
  735.0000    -1.000000     0.000000          0           0.000000           0.000000 
  745.0000    -1.000000     0.000000          0           0.000000           0.000000 
  755.0000    -1.000000     0.000000          0           0.000000           0.000000 
  765.0000    -1.000000     0.000000          0           0.000000           0.000000 
  775.0000    -1.000000     0.000000          0           0.000000           0.000000 
  785.0000    -1.000000     0.000000          0           0.000000           0.000000 
  795.0000    -1.000000     0.000000          0           0.000000           0.000000 
  805.0000    -1.000000     0.000000          0           0.000000           0.000000 
  815.0000    -1.000000     0.000000          0           0.000000           0.000000 
  825.0000    -1.000000     0.000000          0           0.000000           0.000000 
  835.0000    -1.000000     0.000000          0           0.000000           0.000000 
  845.0000    -1.000000     0.000000          0           0.000000           0.000000 
  855.0000    -1.000000     0.000000          0           0.000000           0.000000 
  865.0000    -1.000000     0.000000          0           0.000000           0.000000 
  875.0000    -1.000000     0.000000          0           0.000000           0.000000 
  885.0000    -1.000000     0.000000          0           0.000000           0.000000 
  895.0000    -1.000000     0.000000          0           0.000000           0.000000 
  905.0000    -1.000000     0.000000          0           0.000000           0.000000 
  915.0000    -1.000000     0.000000          0           0.000000           0.000000 
  925.0000    -1.000000     0.000000          0           0.000000           0.000000 
  935.0000    -1.000000     0.000000          0           0.000000           0.000000 
  945.0000    -1.000000     0.000000          0           0.000000           0.000000 
  955.0000    -1.000000     0.000000          0           0.000000           0.000000 
  965.0000    -1.000000     0.000000          0           0.000000           0.000000 
  975.0000    -1.000000     0.000000          0           0.000000           0.000000 
  985.0000    -1.000000     0.000000          0           0.000000           0.000000 
  995.0000    -1.000000     0.000000          0           0.000000           0.000000 
