# cosmology: omega= 0.27  lambda= 0.73
# redshift range: zmin= 0.30  zmax= 0.68
# magnitude limits: bmin=10.00  bmax=21.00
# absolute magnitude limits: amin=-99.00  amax= 99.00
# nq= 2119  fran= 50  rmax= 300.0
# mean values: z=0.5262  b_J=19.851  M_b=-22.917
    0.1122    -1.000000     0.000000          0           0.000000           0.000000 
    0.1413    -1.000000     0.000000          0           0.000000           0.000000 
    0.1778    -1.000000     0.000000          0           0.000000           0.000000 
    0.2239    -1.000000     0.000000          0           0.000000           0.000000 
    0.2818    -1.000000     0.000000          0           0.000000           0.000000 
    0.3548    -1.000000     0.000000          0           0.000000           0.000811 
    0.4467    -1.000000     0.000000          0           0.000000           0.000412 
    0.5623    -1.000000     0.000000          0           0.010007           0.001619 
    0.7079    -1.000000     0.000000          0           0.000000           0.001580 
    0.8913    -1.000000     0.000000          0           0.020059           0.012397 
    1.1220    -1.000000     0.000000          0           0.010183           0.047739 
    1.4125    -1.000000     0.000000          0           0.050571           0.067703 
    1.7783     6.545020     7.545020          1           0.140192           0.129777 
    2.2387     3.447841     4.447841          1           0.189943           0.253331 
    2.8184     1.524097     2.524097          1           0.370921           0.492577 
    3.5481     1.088610     1.476870          2           0.956825           0.974496 
    4.4668     3.770160     1.590053          9           1.887344           1.886285 
    5.6234     2.143915     0.907570         12           3.786449           3.870133 
    7.0795     0.822805     0.487165         14           7.656052           7.404844 
    8.9125     0.698983     0.346803         24          14.157068          14.331871 
   11.2202     0.202009     0.209243         33          27.787295          28.289288 
   14.1254    -0.134051     0.124989         48          55.189535          55.005531 
   17.7828     0.201079     0.105342        130         107.326529         105.959244 
   22.3872     0.205352     0.077323        243         202.914647         204.907426 
   28.1838     0.118672     0.054200        426         385.378387         391.178689 
   35.4813     0.035595     0.037442        765         740.158214         741.717892 
   44.6684     0.023562     0.027172       1419        1387.261148        1388.232039 
   56.2341     0.015344     0.022057       2570        2543.318599        2555.854141 
   70.7946     0.010409     0.021950       4596        4558.320439        4568.190417 
   89.1251     0.029832     0.022372       8082        7842.168539        7836.105399 
  112.2019    -0.000005     0.021724      12938       12859.544630       12781.027871 
  141.2538    -0.002261     0.021675      20081       19979.034902       19832.233946 
  177.8280     0.015839     0.022068      30778       30105.396073       29906.473166 
  223.8721     0.011643     0.021977      45348       44645.874559       44461.428157 
  281.8383     0.007416     0.021885      48573       48068.080491       47918.502317 
  354.8134    -1.000000     0.000000          0           0.000000           0.000000 
  446.6836    -1.000000     0.000000          0           0.000000           0.000000 
  562.3414    -1.000000     0.000000          0           0.000000           0.000000 
  707.9459    -1.000000     0.000000          0           0.000000           0.000000 
  891.2510    -1.000000     0.000000          0           0.000000           0.000000 
 1122.0186    -1.000000     0.000000          0           0.000000           0.000000 
 1412.5377    -1.000000     0.000000          0           0.000000           0.000000 
 1778.2796    -1.000000     0.000000          0           0.000000           0.000000 
 2238.7214    -1.000000     0.000000          0           0.000000           0.000000 
 2818.3833    -1.000000     0.000000          0           0.000000           0.000000 
 3548.1343    -1.000000     0.000000          0           0.000000           0.000000 
 4466.8365    -1.000000     0.000000          0           0.000000           0.000000 
 5623.4140    -1.000000     0.000000          0           0.000000           0.000000 
 7079.4588    -1.000000     0.000000          0           0.000000           0.000000 
 8912.5106    -1.000000     0.000000          0           0.000000           0.000000 
