# cosmology: omega= 0.27  lambda= 0.73
# redshift range: zmin= 1.13  zmax= 1.32
# magnitude limits: bmin=10.00  bmax=21.00
# absolute magnitude limits: amin=-99.00  amax= 99.00
# nq= 2066  fran= 50  rmax= 300.0
# mean values: z=1.2250  b_J=19.971  M_b=-25.027
    0.1122    -1.000000     0.000000          0           0.000000           0.000000 
    0.1413    -1.000000     0.000000          0           0.000000           0.000000 
    0.1778    -1.000000     0.000000          0           0.000000           0.000000 
    0.2239    -1.000000     0.000000          0           0.000000           0.000000 
    0.2818    -1.000000     0.000000          0           0.000000           0.000410 
    0.3548    -1.000000     0.000000          0           0.000000           0.000427 
    0.4467    -1.000000     0.000000          0           0.000000           0.000000 
    0.5623    -1.000000     0.000000          0           0.000000           0.001572 
    0.7079    -1.000000     0.000000          0           0.000000           0.005296 
    0.8913    -1.000000     0.000000          0           0.010336           0.004355 
    1.1220    -1.000000     0.000000          0           0.020022           0.035989 
    1.4125    -1.000000     0.000000          0           0.039864           0.041148 
    1.7783    -1.000000     0.000000          0           0.099515           0.080115 
    2.2387    -1.000000     0.000000          0           0.159797           0.160431 
    2.8184     1.851449     2.851449          1           0.360341           0.328050 
    3.5481     3.609707     2.661416          3           0.631522           0.665575 
    4.4668     0.518770     1.073932          2           1.318920           1.325436 
    5.6234     0.631102     0.815551          4           2.479608           2.600223 
    7.0795     0.291427     0.488114          7           5.310225           5.109497 
    8.9125     0.890886     0.445686         18           9.551858          10.115222 
   11.2202     0.717871     0.294612         34          19.791518          19.788937 
   14.1254     0.724543     0.213903         65          37.821577          38.638157 
   17.7828     0.286449     0.131987         95          74.319107          75.170856 
   22.3872     0.086081     0.086404        158         145.325066         145.144249 
   28.1838     0.043983     0.061305        290         278.787508         279.885205 
   35.4813     0.038750     0.044053        556         535.207966         535.153366 
   44.6684     0.050605     0.032193       1065        1015.322241        1017.115188 
   56.2341     0.015495     0.023085       1935        1906.544847        1907.649006 
   70.7946     0.019673     0.022433       3606        3535.183090        3533.889523 
   89.1251    -0.003504     0.021924       6409        6421.070760        6410.679856 
  112.2019     0.007842     0.022173      11429       11326.418349       11312.552766 
  141.2538     0.018027     0.022397      19458       19090.178035       19066.065250 
  177.8280     0.001566     0.022035      30169       30044.039022       29966.017676 
  223.8721    -0.002164     0.021953      42199       42087.045749       41884.466375 
  281.8383     0.000628     0.022014      38056       37972.800840       37913.410077 
  354.8134    -1.000000     0.000000          0           0.000000           0.000000 
  446.6836    -1.000000     0.000000          0           0.000000           0.000000 
  562.3414    -1.000000     0.000000          0           0.000000           0.000000 
  707.9459    -1.000000     0.000000          0           0.000000           0.000000 
  891.2510    -1.000000     0.000000          0           0.000000           0.000000 
 1122.0186    -1.000000     0.000000          0           0.000000           0.000000 
 1412.5377    -1.000000     0.000000          0           0.000000           0.000000 
 1778.2796    -1.000000     0.000000          0           0.000000           0.000000 
 2238.7214    -1.000000     0.000000          0           0.000000           0.000000 
 2818.3833    -1.000000     0.000000          0           0.000000           0.000000 
 3548.1343    -1.000000     0.000000          0           0.000000           0.000000 
 4466.8365    -1.000000     0.000000          0           0.000000           0.000000 
 5623.4140    -1.000000     0.000000          0           0.000000           0.000000 
 7079.4588    -1.000000     0.000000          0           0.000000           0.000000 
 8912.5106    -1.000000     0.000000          0           0.000000           0.000000 
