# cosmology: omega= 0.27  lambda= 0.73
# redshift range: zmin= 0.30  zmax= 2.20
# magnitude limits: bmin=18.25  bmax=19.45
# absolute magnitude limits: amin=-99.00  amax= 99.00
# nq= 3586  fran= 50  rmax= 300.0
# mean values: z=1.2609  b_J=19.017  M_b=-25.783
    0.1122    -1.000000     0.000000          0           0.000000           0.000000 
    0.1413    -1.000000     0.000000          0           0.000000           0.000000 
    0.1778    -1.000000     0.000000          0           0.000000           0.000000 
    0.2239    -1.000000     0.000000          0           0.000000           0.000000 
    0.2818    -1.000000     0.000000          0           0.000000           0.000000 
    0.3548    -1.000000     0.000000          0           0.000000           0.000000 
    0.4467    -1.000000     0.000000          0           0.000000           0.000779 
    0.5623    -1.000000     0.000000          0           0.000000           0.000000 
    0.7079    -1.000000     0.000000          0           0.000000           0.001216 
    0.8913    -1.000000     0.000000          0           0.010042           0.001662 
    1.1220    -1.000000     0.000000          0           0.000000           0.012151 
    1.4125    -1.000000     0.000000          0           0.000000           0.011350 
    1.7783    -1.000000     0.000000          0           0.060711           0.039072 
    2.2387    -1.000000     0.000000          0           0.050675           0.067975 
    2.8184    -1.000000     0.000000          0           0.079853           0.129417 
    3.5481    -1.000000     0.000000          0           0.231455           0.257206 
    4.4668     2.655954     2.585150          2           0.598822           0.484528 
    5.6234     0.670431     1.181173          2           1.163721           0.993547 
    7.0795     0.677377     0.968434          3           1.821233           1.991382 
    8.9125    -0.083559     0.458220          4           4.067756           3.816599 
   11.2202     0.885080     0.503809         14           7.433679           7.547467 
   14.1254     0.524604     0.317902         23          14.997864          14.715592 
   17.7828     0.194868     0.199145         36          29.606796          28.832018 
   22.3872     0.096236     0.146491         56          53.336731          56.069362 
   28.1838     0.107363     0.101941        118         107.330309         108.286598 
   35.4813     0.055355     0.071975        215         206.114188         208.785729 
   44.6684    -0.050453     0.049298        371         396.401696         401.544310 
   56.2341    -0.010800     0.036438        737         753.545882         761.863601 
   70.7946     0.027635     0.026913       1458        1423.672943        1428.831691 
   89.1251     0.032194     0.019924       2684        2621.493683        2644.111055 
  112.2019     0.000984     0.016716       4747        4762.034839        4781.775188 
  141.2538     0.006938     0.016815       8365        8365.249325        8423.947628 
  177.8280     0.011767     0.016896      14353       14271.885814       14359.740959 
  223.8721     0.005330     0.016788      23561       23512.022841       23588.768594 
  281.8383     0.001094     0.016717      27189       27220.753303       27282.341229 
  354.8134    -1.000000     0.000000          0           0.000000           0.000000 
  446.6836    -1.000000     0.000000          0           0.000000           0.000000 
  562.3414    -1.000000     0.000000          0           0.000000           0.000000 
  707.9459    -1.000000     0.000000          0           0.000000           0.000000 
  891.2510    -1.000000     0.000000          0           0.000000           0.000000 
 1122.0186    -1.000000     0.000000          0           0.000000           0.000000 
 1412.5377    -1.000000     0.000000          0           0.000000           0.000000 
 1778.2796    -1.000000     0.000000          0           0.000000           0.000000 
 2238.7214    -1.000000     0.000000          0           0.000000           0.000000 
 2818.3833    -1.000000     0.000000          0           0.000000           0.000000 
 3548.1343    -1.000000     0.000000          0           0.000000           0.000000 
 4466.8365    -1.000000     0.000000          0           0.000000           0.000000 
 5623.4140    -1.000000     0.000000          0           0.000000           0.000000 
 7079.4588    -1.000000     0.000000          0           0.000000           0.000000 
 8912.5106    -1.000000     0.000000          0           0.000000           0.000000 
