# cosmology: omega= 0.27  lambda= 0.73
# redshift range: zmin= 0.30  zmax= 2.20
# magnitude limits: bmin=19.45  bmax=19.90
# absolute magnitude limits: amin=-99.00  amax= 99.00
# nq= 3521  fran= 50  rmax= 300.0
# mean values: z=1.3358  b_J=19.689  M_b=-25.295
    0.1122    -1.000000     0.000000          0           0.000000           0.000000 
    0.1413    -1.000000     0.000000          0           0.000000           0.000000 
    0.1778    -1.000000     0.000000          0           0.000000           0.000000 
    0.2239    -1.000000     0.000000          0           0.000000           0.000000 
    0.2818    -1.000000     0.000000          0           0.000000           0.000000 
    0.3548    -1.000000     0.000000          0           0.000000           0.000000 
    0.4467    -1.000000     0.000000          0           0.000000           0.000341 
    0.5623    -1.000000     0.000000          0           0.000000           0.000807 
    0.7079    -1.000000     0.000000          0           0.000000           0.000766 
    0.8913    -1.000000     0.000000          0           0.000000           0.001252 
    1.1220    -1.000000     0.000000          0           0.010014           0.012130 
    1.4125    -1.000000     0.000000          0           0.000000           0.014549 
    1.7783    -1.000000     0.000000          0           0.020043           0.029287 
    2.2387    16.151288    17.151288          1           0.049931           0.059410 
    2.8184     8.330778     9.330778          1           0.070618           0.117145 
    3.5481    -1.000000     0.000000          0           0.211076           0.227773 
    4.4668     1.441935     2.441935          1           0.400040           0.452374 
    5.6234     2.350001     1.934124          3           0.899367           0.889826 
    7.0795     1.752300     1.230866          5           1.835852           1.765647 
    8.9125     1.052462     0.775758          7           3.410835           3.399235 
   11.2202     0.895621     0.525751         13           6.847712           6.662487 
   14.1254     0.700058     0.362454         22          12.979682          13.200435 
   17.7828     0.195233     0.221949         29          24.903749          25.855303 
   22.3872     0.064170     0.146175         53          49.998699          50.220029 
   28.1838     0.053738     0.103828        103          97.548518          97.327186 
   35.4813    -0.062638     0.071266        173         186.647641         188.488801 
   44.6684     0.042330     0.053970        373         360.469360         363.318157 
   56.2341     0.030126     0.038552        714         692.051617         690.918007 
   70.7946     0.021911     0.027969       1335        1306.505554        1306.640836 
   89.1251     0.011820     0.020513       2433        2421.513534        2438.855366 
  112.2019    -0.023256     0.016461       4332        4449.960829        4464.104443 
  141.2538     0.007548     0.016980       8027        7970.701561        7974.596053 
  177.8280    -0.008145     0.016715      13649       13780.253502       13799.114879 
  223.8721     0.003320     0.016909      22988       22926.700753       22941.575772 
  281.8383     0.005918     0.016952      26840       26685.033315       26687.995927 
  354.8134    -1.000000     0.000000          0           0.000000           0.000000 
  446.6836    -1.000000     0.000000          0           0.000000           0.000000 
  562.3414    -1.000000     0.000000          0           0.000000           0.000000 
  707.9459    -1.000000     0.000000          0           0.000000           0.000000 
  891.2510    -1.000000     0.000000          0           0.000000           0.000000 
 1122.0186    -1.000000     0.000000          0           0.000000           0.000000 
 1412.5377    -1.000000     0.000000          0           0.000000           0.000000 
 1778.2796    -1.000000     0.000000          0           0.000000           0.000000 
 2238.7214    -1.000000     0.000000          0           0.000000           0.000000 
 2818.3833    -1.000000     0.000000          0           0.000000           0.000000 
 3548.1343    -1.000000     0.000000          0           0.000000           0.000000 
 4466.8365    -1.000000     0.000000          0           0.000000           0.000000 
 5623.4140    -1.000000     0.000000          0           0.000000           0.000000 
 7079.4588    -1.000000     0.000000          0           0.000000           0.000000 
 8912.5106    -1.000000     0.000000          0           0.000000           0.000000 
