# cosmology: omega= 0.27  lambda= 0.73
# redshift range: zmin= 0.30  zmax= 2.20
# magnitude limits: bmin=20.55  bmax=20.85
# absolute magnitude limits: amin=-99.00  amax= 99.00
# nq= 3772  fran= 50  rmax= 300.0
# mean values: z=1.4050  b_J=20.700  M_b=-24.432
    0.1122    -1.000000     0.000000          0           0.000000           0.000000 
    0.1413    -1.000000     0.000000          0           0.000000           0.000000 
    0.1778    -1.000000     0.000000          0           0.000000           0.000000 
    0.2239    -1.000000     0.000000          0           0.000000           0.000000 
    0.2818    -1.000000     0.000000          0           0.000000           0.000000 
    0.3548    -1.000000     0.000000          0           0.000000           0.000000 
    0.4467    -1.000000     0.000000          0           0.000000           0.000782 
    0.5623    -1.000000     0.000000          0           0.000000           0.000438 
    0.7079    -1.000000     0.000000          0           0.000000           0.000000 
    0.8913    -1.000000     0.000000          0           0.010085           0.001963 
    1.1220    -1.000000     0.000000          0           0.030137           0.016338 
    1.4125    -1.000000     0.000000          0           0.039782           0.013964 
    1.7783    -1.000000     0.000000          0           0.009626           0.033356 
    2.2387    -1.000000     0.000000          0           0.030523           0.068192 
    2.8184    -1.000000     0.000000          0           0.179623           0.136972 
    3.5481     2.848531     3.848531          1           0.269441           0.249451 
    4.4668     0.970812     1.970812          1           0.507871           0.539336 
    5.6234     3.977589     2.226045          5           1.039716           0.980850 
    7.0795     0.446611     0.835201          3           2.055838           2.008852 
    8.9125     0.027492     0.513746          4           3.869526           3.844750 
   11.2202     0.352244     0.427617         10           7.456504           7.584659 
   14.1254     0.338644     0.292116         21          15.421109          14.881881 
   17.7828     0.613803     0.235397         47          29.069141          28.840919 
   22.3872     0.226889     0.148782         68          55.876105          56.592429 
   28.1838    -0.163199     0.085854         95         111.242691         109.598939 
   35.4813     0.104180     0.071876        236         212.975426         212.041418 
   44.6684     0.081492     0.050982        450         412.839014         409.008801 
   56.2341     0.064926     0.036462        853         792.479208         782.781297 
   70.7946     0.042133     0.026251       1576        1499.652468        1485.911314 
   89.1251     0.021929     0.019079       2869        2798.368397        2788.894088 
  112.2019     0.013940     0.016509       5269        5169.042501        5140.745484 
  141.2538     0.020323     0.016613       9533        9302.799787        9260.805193 
  177.8280    -0.010300     0.016115      16189       16259.987456       16164.478117 
  223.8721     0.008992     0.016429      27455       27125.102249       27038.338037 
  281.8383     0.001666     0.016309      31691       31583.014950       31527.559842 
  354.8134    -1.000000     0.000000          0           0.000000           0.000000 
  446.6836    -1.000000     0.000000          0           0.000000           0.000000 
  562.3414    -1.000000     0.000000          0           0.000000           0.000000 
  707.9459    -1.000000     0.000000          0           0.000000           0.000000 
  891.2510    -1.000000     0.000000          0           0.000000           0.000000 
 1122.0186    -1.000000     0.000000          0           0.000000           0.000000 
 1412.5377    -1.000000     0.000000          0           0.000000           0.000000 
 1778.2796    -1.000000     0.000000          0           0.000000           0.000000 
 2238.7214    -1.000000     0.000000          0           0.000000           0.000000 
 2818.3833    -1.000000     0.000000          0           0.000000           0.000000 
 3548.1343    -1.000000     0.000000          0           0.000000           0.000000 
 4466.8365    -1.000000     0.000000          0           0.000000           0.000000 
 5623.4140    -1.000000     0.000000          0           0.000000           0.000000 
 7079.4588    -1.000000     0.000000          0           0.000000           0.000000 
 8912.5106    -1.000000     0.000000          0           0.000000           0.000000 
