# cosmology: omega= 0.27  lambda= 0.73
# redshift range: zmin= 0.30  zmax= 2.20
# magnitude limits: bmin=19.90  bmax=20.25
# absolute magnitude limits: amin=-99.00  amax= 99.00
# nq= 3624  fran= 50  rmax= 300.0
# mean values: z=1.3686  b_J=20.085  M_b=-24.979
    0.1122    -1.000000     0.000000          0           0.000000           0.000000 
    0.1413    -1.000000     0.000000          0           0.000000           0.000000 
    0.1778    -1.000000     0.000000          0           0.000000           0.000000 
    0.2239    -1.000000     0.000000          0           0.000000           0.000000 
    0.2818    -1.000000     0.000000          0           0.000000           0.000000 
    0.3548    -1.000000     0.000000          0           0.000000           0.000000 
    0.4467    -1.000000     0.000000          0           0.000000           0.000782 
    0.5623    -1.000000     0.000000          0           0.000000           0.000405 
    0.7079    -1.000000     0.000000          0           0.000000           0.000415 
    0.8913    -1.000000     0.000000          0           0.009935           0.001654 
    1.1220    -1.000000     0.000000          0           0.000000           0.008702 
    1.4125    -1.000000     0.000000          0           0.000000           0.010844 
    1.7783    31.562347    32.562347          1           0.000000           0.032720 
    2.2387    -1.000000     0.000000          0           0.099239           0.069694 
    2.8184    -1.000000     0.000000          0           0.129111           0.124807 
    3.5481     2.182259     3.182259          1           0.359550           0.237596 
    4.4668    -1.000000     0.000000          0           0.507952           0.478354 
    5.6234     0.146922     1.146922          1           0.892635           0.920514 
    7.0795     0.394137     0.804905          3           2.050543           1.817384 
    8.9125     1.414796     0.804932          9           3.758610           3.574717 
   11.2202     0.043755     0.347918          9           7.856865           7.020928 
   14.1254     0.047469     0.270455         15          14.104931          13.868167 
   17.7828    -0.101808     0.187286         23          26.307315          26.878203 
   22.3872     0.241240     0.152786         66          52.877933          52.395830 
   28.1838    -0.005356     0.098005        103         102.593210         101.642047 
   35.4813     0.137031     0.075802        225         197.547094         197.103496 
   44.6684    -0.030811     0.050454        369         380.305468         379.905803 
   56.2341     0.035005     0.037743        752         726.618690         726.674770 
   70.7946    -0.021509     0.026710       1342        1375.222011        1378.787370 
   89.1251     0.028604     0.020000       2645        2578.315836        2585.588701 
  112.2019     0.003422     0.016668       4759        4755.294203        4767.902243 
  141.2538     0.010922     0.016793       8610        8541.499116        8566.560368 
  177.8280    -0.010973     0.016429      14615       14841.565875       14904.584083 
  223.8721    -0.003885     0.016547      24453       24704.041355       24858.505042 
  281.8383     0.004357     0.016684      28834       28826.285361       28944.690017 
  354.8134    -1.000000     0.000000          0           0.000000           0.000000 
  446.6836    -1.000000     0.000000          0           0.000000           0.000000 
  562.3414    -1.000000     0.000000          0           0.000000           0.000000 
  707.9459    -1.000000     0.000000          0           0.000000           0.000000 
  891.2510    -1.000000     0.000000          0           0.000000           0.000000 
 1122.0186    -1.000000     0.000000          0           0.000000           0.000000 
 1412.5377    -1.000000     0.000000          0           0.000000           0.000000 
 1778.2796    -1.000000     0.000000          0           0.000000           0.000000 
 2238.7214    -1.000000     0.000000          0           0.000000           0.000000 
 2818.3833    -1.000000     0.000000          0           0.000000           0.000000 
 3548.1343    -1.000000     0.000000          0           0.000000           0.000000 
 4466.8365    -1.000000     0.000000          0           0.000000           0.000000 
 5623.4140    -1.000000     0.000000          0           0.000000           0.000000 
 7079.4588    -1.000000     0.000000          0           0.000000           0.000000 
 8912.5106    -1.000000     0.000000          0           0.000000           0.000000 
