# cosmology: omega= 0.27  lambda= 0.73
# redshift range: zmin= 0.92  zmax= 1.13
# magnitude limits: bmin=10.00  bmax=21.00
# absolute magnitude limits: amin=-99.00  amax= 99.00
# nq= 2012  fran= 50  rmax= 300.0
# mean values: z=1.0260  b_J=19.954  M_b=-24.618
    0.1122    -1.000000     0.000000          0           0.000000           0.000000 
    0.1413    -1.000000     0.000000          0           0.000000           0.000000 
    0.1778    -1.000000     0.000000          0           0.000000           0.000000 
    0.2239    -1.000000     0.000000          0           0.000000           0.000000 
    0.2818    -1.000000     0.000000          0           0.000000           0.000000 
    0.3548    -1.000000     0.000000          0           0.000000           0.000409 
    0.4467    -1.000000     0.000000          0           0.000000           0.001253 
    0.5623    -1.000000     0.000000          0           0.000000           0.001574 
    0.7079    -1.000000     0.000000          0           0.000000           0.004072 
    0.8913    -1.000000     0.000000          0           0.000000           0.007125 
    1.1220    30.277850    31.277850          1           0.040206           0.031409 
    1.4125    -1.000000     0.000000          0           0.049760           0.041681 
    1.7783    -1.000000     0.000000          0           0.110154           0.075456 
    2.2387     4.679600     5.679600          1           0.200843           0.162603 
    2.8184     1.759546     2.759546          1           0.368651           0.345862 
    3.5481    -1.000000     0.000000          0           0.703574           0.680338 
    4.4668     1.245526     1.296455          3           1.339345           1.308659 
    5.6234     0.294454     0.747353          3           2.399520           2.549855 
    7.0795     0.668808     0.556269          9           5.340781           5.077309 
    8.9125     0.199742     0.346336         12           9.999474           9.995460 
   11.2202     0.978617     0.320974         38          19.208487          19.500407 
   14.1254     0.156528     0.176369         43          37.554108          38.066715 
   17.7828     0.258529     0.129807         94          74.422146          73.966893 
   22.3872     0.079734     0.086448        156         144.060188         143.567600 
   28.1838     0.028913     0.061163        283         275.474994         275.927789 
   35.4813     0.048819     0.044440        557         529.451313         527.662740 
   44.6684     0.032687     0.032131       1033        1000.820137        1001.372094 
   56.2341     0.049003     0.023664       1965        1877.731087        1882.721531 
   70.7946     0.026181     0.022878       3567        3484.102643        3492.645276 
   89.1251     0.038309     0.023148       6562        6332.515685        6346.145317 
  112.2019     0.019813     0.022736      11322       11136.229013       11171.800558 
  141.2538     0.004323     0.022390      18744       18711.962993       18761.038595 
  177.8280     0.009623     0.022508      29260       29145.383634       29312.833734 
  223.8721     0.000023     0.022294      41070       41186.415724       41303.761348 
  281.8383    -0.006149     0.022157      39997       40199.480173       40155.055008 
  354.8134    -1.000000     0.000000          0           0.000000           0.000000 
  446.6836    -1.000000     0.000000          0           0.000000           0.000000 
  562.3414    -1.000000     0.000000          0           0.000000           0.000000 
  707.9459    -1.000000     0.000000          0           0.000000           0.000000 
  891.2510    -1.000000     0.000000          0           0.000000           0.000000 
 1122.0186    -1.000000     0.000000          0           0.000000           0.000000 
 1412.5377    -1.000000     0.000000          0           0.000000           0.000000 
 1778.2796    -1.000000     0.000000          0           0.000000           0.000000 
 2238.7214    -1.000000     0.000000          0           0.000000           0.000000 
 2818.3833    -1.000000     0.000000          0           0.000000           0.000000 
 3548.1343    -1.000000     0.000000          0           0.000000           0.000000 
 4466.8365    -1.000000     0.000000          0           0.000000           0.000000 
 5623.4140    -1.000000     0.000000          0           0.000000           0.000000 
 7079.4588    -1.000000     0.000000          0           0.000000           0.000000 
 8912.5106    -1.000000     0.000000          0           0.000000           0.000000 
