# cosmology: omega= 0.27  lambda= 0.73
# redshift range: zmin= 0.30  zmax= 2.20
# magnitude limits: bmin=18.25  bmax=19.45
# absolute magnitude limits: amin=-99.00  amax= 99.00
# nq= 3586  fran= 50  rmax= 300.0
# mean values: z=1.2609  b_J=19.017  M_b=-25.783
    5.0000     0.337952     0.403408         11           8.084267           7.806883 
   15.0000     0.384131     0.162000         73          52.357133          51.495125 
   25.0000     0.033124     0.090264        131         129.519021         132.424475 
   35.0000     0.105273     0.067896        265         242.658954         246.240308 
   45.0000    -0.052437     0.050010        359         384.699350         389.950667 
   55.0000    -0.006842     0.042699        541         550.798941         556.788386 
   65.0000     0.045476     0.037676        770         741.262628         746.471447 
   75.0000     0.004144     0.032544        952         950.429245         952.806942 
   85.0000     0.023671     0.029725       1186        1166.752383        1175.325597 
   95.0000     0.037735     0.027394       1435        1395.456116        1409.084068 
  105.0000     0.055568     0.025445       1721        1639.734217        1650.164137 
  115.0000    -0.028605     0.022664       1837        1893.564495        1895.895954 
  125.0000    -0.000601     0.021711       2119        2135.027785        2149.763693 
  135.0000     0.004383     0.020588       2380        2386.107258        2402.745493 
  145.0000     0.005544     0.019589       2635        2637.731908        2655.185110 
  155.0000     0.015870     0.018796       2921        2891.117494        2907.374145 
  165.0000     0.035153     0.018194       3237        3142.284040        3158.603125 
  175.0000    -0.011118     0.017144       3327        3384.688198        3404.525464 
  185.0000    -0.007317     0.016637       3560        3616.964910        3647.243799 
  195.0000     0.024664     0.017111       3935        3861.340981        3883.463813 
  205.0000    -0.006074     0.016598       4059        4100.489824        4116.973751 
  215.0000    -0.008779     0.016553       4287        4335.183276        4345.220600 
  225.0000     0.012336     0.016905       4591        4547.772295        4560.806824 
  235.0000    -0.007344     0.016577       4698        4756.877434        4780.646224 
  245.0000     0.024773     0.017113       5094        4979.992232        4989.590542 
  255.0000     0.002167     0.016735       5200        5189.909510        5191.069234 
  265.0000     0.007521     0.016825       5404        5375.554773        5387.631554 
  275.0000     0.006214     0.016803       5565        5556.877672        5583.451516 
  285.0000    -0.007527     0.016573       5691        5754.255432        5774.051248 
  295.0000     0.002222     0.016736       5954        5946.472391        5952.167780 
  305.0000    -1.000000     0.000000          0           0.000000           0.000000 
  315.0000    -1.000000     0.000000          0           0.000000           0.000000 
  325.0000    -1.000000     0.000000          0           0.000000           0.000000 
  335.0000    -1.000000     0.000000          0           0.000000           0.000000 
  345.0000    -1.000000     0.000000          0           0.000000           0.000000 
  355.0000    -1.000000     0.000000          0           0.000000           0.000000 
  365.0000    -1.000000     0.000000          0           0.000000           0.000000 
  375.0000    -1.000000     0.000000          0           0.000000           0.000000 
  385.0000    -1.000000     0.000000          0           0.000000           0.000000 
  395.0000    -1.000000     0.000000          0           0.000000           0.000000 
  405.0000    -1.000000     0.000000          0           0.000000           0.000000 
  415.0000    -1.000000     0.000000          0           0.000000           0.000000 
  425.0000    -1.000000     0.000000          0           0.000000           0.000000 
  435.0000    -1.000000     0.000000          0           0.000000           0.000000 
  445.0000    -1.000000     0.000000          0           0.000000           0.000000 
  455.0000    -1.000000     0.000000          0           0.000000           0.000000 
  465.0000    -1.000000     0.000000          0           0.000000           0.000000 
  475.0000    -1.000000     0.000000          0           0.000000           0.000000 
  485.0000    -1.000000     0.000000          0           0.000000           0.000000 
  495.0000    -1.000000     0.000000          0           0.000000           0.000000 
  505.0000    -1.000000     0.000000          0           0.000000           0.000000 
  515.0000    -1.000000     0.000000          0           0.000000           0.000000 
  525.0000    -1.000000     0.000000          0           0.000000           0.000000 
  535.0000    -1.000000     0.000000          0           0.000000           0.000000 
  545.0000    -1.000000     0.000000          0           0.000000           0.000000 
  555.0000    -1.000000     0.000000          0           0.000000           0.000000 
  565.0000    -1.000000     0.000000          0           0.000000           0.000000 
  575.0000    -1.000000     0.000000          0           0.000000           0.000000 
  585.0000    -1.000000     0.000000          0           0.000000           0.000000 
  595.0000    -1.000000     0.000000          0           0.000000           0.000000 
  605.0000    -1.000000     0.000000          0           0.000000           0.000000 
  615.0000    -1.000000     0.000000          0           0.000000           0.000000 
  625.0000    -1.000000     0.000000          0           0.000000           0.000000 
  635.0000    -1.000000     0.000000          0           0.000000           0.000000 
  645.0000    -1.000000     0.000000          0           0.000000           0.000000 
  655.0000    -1.000000     0.000000          0           0.000000           0.000000 
  665.0000    -1.000000     0.000000          0           0.000000           0.000000 
  675.0000    -1.000000     0.000000          0           0.000000           0.000000 
  685.0000    -1.000000     0.000000          0           0.000000           0.000000 
  695.0000    -1.000000     0.000000          0           0.000000           0.000000 
  705.0000    -1.000000     0.000000          0           0.000000           0.000000 
  715.0000    -1.000000     0.000000          0           0.000000           0.000000 
  725.0000    -1.000000     0.000000          0           0.000000           0.000000 
  735.0000    -1.000000     0.000000          0           0.000000           0.000000 
  745.0000    -1.000000     0.000000          0           0.000000           0.000000 
  755.0000    -1.000000     0.000000          0           0.000000           0.000000 
  765.0000    -1.000000     0.000000          0           0.000000           0.000000 
  775.0000    -1.000000     0.000000          0           0.000000           0.000000 
  785.0000    -1.000000     0.000000          0           0.000000           0.000000 
  795.0000    -1.000000     0.000000          0           0.000000           0.000000 
  805.0000    -1.000000     0.000000          0           0.000000           0.000000 
  815.0000    -1.000000     0.000000          0           0.000000           0.000000 
  825.0000    -1.000000     0.000000          0           0.000000           0.000000 
  835.0000    -1.000000     0.000000          0           0.000000           0.000000 
  845.0000    -1.000000     0.000000          0           0.000000           0.000000 
  855.0000    -1.000000     0.000000          0           0.000000           0.000000 
  865.0000    -1.000000     0.000000          0           0.000000           0.000000 
  875.0000    -1.000000     0.000000          0           0.000000           0.000000 
  885.0000    -1.000000     0.000000          0           0.000000           0.000000 
  895.0000    -1.000000     0.000000          0           0.000000           0.000000 
  905.0000    -1.000000     0.000000          0           0.000000           0.000000 
  915.0000    -1.000000     0.000000          0           0.000000           0.000000 
  925.0000    -1.000000     0.000000          0           0.000000           0.000000 
  935.0000    -1.000000     0.000000          0           0.000000           0.000000 
  945.0000    -1.000000     0.000000          0           0.000000           0.000000 
  955.0000    -1.000000     0.000000          0           0.000000           0.000000 
  965.0000    -1.000000     0.000000          0           0.000000           0.000000 
  975.0000    -1.000000     0.000000          0           0.000000           0.000000 
  985.0000    -1.000000     0.000000          0           0.000000           0.000000 
  995.0000    -1.000000     0.000000          0           0.000000           0.000000 
