# cosmology: omega= 0.27  lambda= 0.73
# redshift range: zmin= 1.50  zmax= 1.66
# magnitude limits: bmin=10.00  bmax=21.00
# absolute magnitude limits: amin=-99.00  amax= 99.00
# nq= 2011  fran= 50  rmax= 300.0
# mean values: z=1.5787  b_J=20.022  M_b=-25.580
    0.1122    -1.000000     0.000000          0           0.000000           0.000000 
    0.1413    -1.000000     0.000000          0           0.000000           0.000000 
    0.1778    -1.000000     0.000000          0           0.000000           0.000000 
    0.2239    -1.000000     0.000000          0           0.000000           0.000000 
    0.2818    -1.000000     0.000000          0           0.000000           0.000000 
    0.3548    -1.000000     0.000000          0           0.000000           0.000000 
    0.4467    -1.000000     0.000000          0           0.000000           0.000404 
    0.5623    -1.000000     0.000000          0           0.009762           0.001202 
    0.7079    -1.000000     0.000000          0           0.000000           0.003597 
    0.8913    -1.000000     0.000000          0           0.000000           0.008779 
    1.1220    -1.000000     0.000000          0           0.060841           0.038603 
    1.4125    -1.000000     0.000000          0           0.029971           0.034912 
    1.7783    -1.000000     0.000000          0           0.069861           0.085104 
    2.2387     5.047135     6.047135          1           0.159729           0.168154 
    2.8184    -1.000000     0.000000          0           0.290325           0.361480 
    3.5481     4.131647     2.962758          3           0.470814           0.657281 
    4.4668    -1.000000     0.000000          0           1.177397           1.307310 
    5.6234     1.791098     1.054936          7           2.502910           2.520775 
    7.0795     0.773743     0.591248          9           5.062339           4.970801 
    8.9125     0.905821     0.437225         19           9.965160           9.878182 
   11.2202     0.181515     0.251900         22          18.921432          19.356322 
   14.1254     0.362241     0.190752         51          37.530778          37.728280 
   17.7828     0.270246     0.131718         93          73.257546          73.333089 
   22.3872     0.255315     0.093566        180         142.718852         141.586932 
   28.1838     0.035145     0.061425        284         273.038564         271.623353 
   35.4813     0.003482     0.043921        522         518.762274         517.325931 
   44.6684     0.037832     0.032401       1026         984.230777         979.518352 
   56.2341     0.029512     0.023712       1885        1828.342368        1825.561418 
   70.7946     0.027408     0.022911       3436        3347.770222        3351.394804 
   89.1251     0.012110     0.022569       6078        6006.555563        6007.863883 
  112.2019     0.002104     0.022346      10360       10378.965684       10419.856502 
  141.2538     0.000151     0.022303      17031       17099.066284       17169.718736 
  177.8280    -0.002985     0.022233      25401       25681.749287       25885.235804 
  223.8721    -0.009456     0.022089      33082       33571.434699       33741.821650 
  281.8383     0.004370     0.022397      29392       29374.005280       29484.865922 
  354.8134    -1.000000     0.000000          0           0.000000           0.000000 
  446.6836    -1.000000     0.000000          0           0.000000           0.000000 
  562.3414    -1.000000     0.000000          0           0.000000           0.000000 
  707.9459    -1.000000     0.000000          0           0.000000           0.000000 
  891.2510    -1.000000     0.000000          0           0.000000           0.000000 
 1122.0186    -1.000000     0.000000          0           0.000000           0.000000 
 1412.5377    -1.000000     0.000000          0           0.000000           0.000000 
 1778.2796    -1.000000     0.000000          0           0.000000           0.000000 
 2238.7214    -1.000000     0.000000          0           0.000000           0.000000 
 2818.3833    -1.000000     0.000000          0           0.000000           0.000000 
 3548.1343    -1.000000     0.000000          0           0.000000           0.000000 
 4466.8365    -1.000000     0.000000          0           0.000000           0.000000 
 5623.4140    -1.000000     0.000000          0           0.000000           0.000000 
 7079.4588    -1.000000     0.000000          0           0.000000           0.000000 
 8912.5106    -1.000000     0.000000          0           0.000000           0.000000 
