# cosmology: omega= 0.27  lambda= 0.73
# redshift range: zmin= 0.30  zmax= 2.20
# magnitude limits: bmin=20.55  bmax=20.85
# absolute magnitude limits: amin=-99.00  amax= 99.00
# nq= 3772  fran= 50  rmax= 300.0
# mean values: z=1.4050  b_J=20.700  M_b=-24.432
    5.0000     0.736001     0.463966         14           8.042168           7.895246 
   15.0000     0.480805     0.167668         78          52.426522          51.720533 
   25.0000     0.011390     0.086095        138         135.108729         133.740715 
   35.0000     0.083056     0.065670        272         250.694269         250.166297 
   45.0000     0.078608     0.051656        436         401.003718         397.233090 
   55.0000     0.063368     0.042569        624         579.819578         571.878058 
   65.0000     0.040585     0.036317        821         780.754142         771.832985 
   75.0000     0.040494     0.032202       1044         998.638207         993.507445 
   85.0000     0.047873     0.029018       1304        1239.810688        1234.731572 
   95.0000     0.003403     0.025839       1508        1497.124210        1491.323876 
  105.0000     0.034265     0.024125       1838        1770.050170        1762.492281 
  115.0000     0.005785     0.022027       2085        2056.806509        2040.416198 
  125.0000     0.010761     0.020775       2367        2336.410854        2330.904689 
  135.0000     0.027631     0.019675       2728        2640.521157        2625.590485 
  145.0000    -0.004205     0.018356       2943        2939.280457        2923.268355 
  155.0000     0.025609     0.017744       3341        3241.565243        3224.710716 
  165.0000     0.003354     0.016786       3573        3543.580564        3525.986501 
  175.0000     0.009814     0.016442       3898        3842.779118        3825.099627 
  185.0000    -0.022703     0.015913       4082        4146.194073        4116.922549 
  195.0000    -0.029453     0.015803       4326        4430.715796        4405.670058 
  205.0000     0.014349     0.016516       4794        4707.039760        4687.337290 
  215.0000     0.016019     0.016543       5092        4987.944700        4963.398397 
  225.0000     0.002469     0.016322       5292        5256.384239        5233.691907 
  235.0000     0.022496     0.016649       5630        5500.827066        5495.273540 
  245.0000     0.001736     0.016310       5782        5758.277031        5744.524333 
  255.0000    -0.012811     0.016074       5938        6001.862847        5988.997916 
  265.0000    -0.000874     0.016268       6236        6233.715505        6225.990057 
  275.0000    -0.006055     0.016184       6471        6481.220537        6452.371900 
  285.0000    -0.013010     0.016070       6609        6685.126188        6674.418915 
  295.0000     0.034506     0.016844       7112        6879.645130        6884.862135 
  305.0000    -1.000000     0.000000          0           0.000000           0.000000 
  315.0000    -1.000000     0.000000          0           0.000000           0.000000 
  325.0000    -1.000000     0.000000          0           0.000000           0.000000 
  335.0000    -1.000000     0.000000          0           0.000000           0.000000 
  345.0000    -1.000000     0.000000          0           0.000000           0.000000 
  355.0000    -1.000000     0.000000          0           0.000000           0.000000 
  365.0000    -1.000000     0.000000          0           0.000000           0.000000 
  375.0000    -1.000000     0.000000          0           0.000000           0.000000 
  385.0000    -1.000000     0.000000          0           0.000000           0.000000 
  395.0000    -1.000000     0.000000          0           0.000000           0.000000 
  405.0000    -1.000000     0.000000          0           0.000000           0.000000 
  415.0000    -1.000000     0.000000          0           0.000000           0.000000 
  425.0000    -1.000000     0.000000          0           0.000000           0.000000 
  435.0000    -1.000000     0.000000          0           0.000000           0.000000 
  445.0000    -1.000000     0.000000          0           0.000000           0.000000 
  455.0000    -1.000000     0.000000          0           0.000000           0.000000 
  465.0000    -1.000000     0.000000          0           0.000000           0.000000 
  475.0000    -1.000000     0.000000          0           0.000000           0.000000 
  485.0000    -1.000000     0.000000          0           0.000000           0.000000 
  495.0000    -1.000000     0.000000          0           0.000000           0.000000 
  505.0000    -1.000000     0.000000          0           0.000000           0.000000 
  515.0000    -1.000000     0.000000          0           0.000000           0.000000 
  525.0000    -1.000000     0.000000          0           0.000000           0.000000 
  535.0000    -1.000000     0.000000          0           0.000000           0.000000 
  545.0000    -1.000000     0.000000          0           0.000000           0.000000 
  555.0000    -1.000000     0.000000          0           0.000000           0.000000 
  565.0000    -1.000000     0.000000          0           0.000000           0.000000 
  575.0000    -1.000000     0.000000          0           0.000000           0.000000 
  585.0000    -1.000000     0.000000          0           0.000000           0.000000 
  595.0000    -1.000000     0.000000          0           0.000000           0.000000 
  605.0000    -1.000000     0.000000          0           0.000000           0.000000 
  615.0000    -1.000000     0.000000          0           0.000000           0.000000 
  625.0000    -1.000000     0.000000          0           0.000000           0.000000 
  635.0000    -1.000000     0.000000          0           0.000000           0.000000 
  645.0000    -1.000000     0.000000          0           0.000000           0.000000 
  655.0000    -1.000000     0.000000          0           0.000000           0.000000 
  665.0000    -1.000000     0.000000          0           0.000000           0.000000 
  675.0000    -1.000000     0.000000          0           0.000000           0.000000 
  685.0000    -1.000000     0.000000          0           0.000000           0.000000 
  695.0000    -1.000000     0.000000          0           0.000000           0.000000 
  705.0000    -1.000000     0.000000          0           0.000000           0.000000 
  715.0000    -1.000000     0.000000          0           0.000000           0.000000 
  725.0000    -1.000000     0.000000          0           0.000000           0.000000 
  735.0000    -1.000000     0.000000          0           0.000000           0.000000 
  745.0000    -1.000000     0.000000          0           0.000000           0.000000 
  755.0000    -1.000000     0.000000          0           0.000000           0.000000 
  765.0000    -1.000000     0.000000          0           0.000000           0.000000 
  775.0000    -1.000000     0.000000          0           0.000000           0.000000 
  785.0000    -1.000000     0.000000          0           0.000000           0.000000 
  795.0000    -1.000000     0.000000          0           0.000000           0.000000 
  805.0000    -1.000000     0.000000          0           0.000000           0.000000 
  815.0000    -1.000000     0.000000          0           0.000000           0.000000 
  825.0000    -1.000000     0.000000          0           0.000000           0.000000 
  835.0000    -1.000000     0.000000          0           0.000000           0.000000 
  845.0000    -1.000000     0.000000          0           0.000000           0.000000 
  855.0000    -1.000000     0.000000          0           0.000000           0.000000 
  865.0000    -1.000000     0.000000          0           0.000000           0.000000 
  875.0000    -1.000000     0.000000          0           0.000000           0.000000 
  885.0000    -1.000000     0.000000          0           0.000000           0.000000 
  895.0000    -1.000000     0.000000          0           0.000000           0.000000 
  905.0000    -1.000000     0.000000          0           0.000000           0.000000 
  915.0000    -1.000000     0.000000          0           0.000000           0.000000 
  925.0000    -1.000000     0.000000          0           0.000000           0.000000 
  935.0000    -1.000000     0.000000          0           0.000000           0.000000 
  945.0000    -1.000000     0.000000          0           0.000000           0.000000 
  955.0000    -1.000000     0.000000          0           0.000000           0.000000 
  965.0000    -1.000000     0.000000          0           0.000000           0.000000 
  975.0000    -1.000000     0.000000          0           0.000000           0.000000 
  985.0000    -1.000000     0.000000          0           0.000000           0.000000 
  995.0000    -1.000000     0.000000          0           0.000000           0.000000 
