# cosmology: omega= 0.27  lambda= 0.73
# redshift range: zmin= 0.30  zmax= 2.20
# magnitude limits: bmin=20.25  bmax=20.55
# absolute magnitude limits: amin=-99.00  amax= 99.00
# nq= 3563  fran= 50  rmax= 300.0
# mean values: z=1.3843  b_J=20.402  M_b=-24.688
    5.0000     0.269462     0.423154          9           7.034459           6.938611 
   15.0000     0.307691     0.167433         61          46.435585          46.036017 
   25.0000     0.107282     0.097115        130         118.203506         119.194469 
   35.0000     0.042058     0.068414        232         222.919385         223.227269 
   45.0000     0.135446     0.056843        399         352.823120         354.687147 
   55.0000     0.041497     0.045197        531         509.770157         509.690837 
   65.0000    -0.031091     0.037047        684         696.394742         687.416891 
   75.0000    -0.039875     0.032458        875         896.961842         883.686873 
   85.0000    -0.005711     0.029871       1108        1105.707660        1097.149941 
   95.0000     0.015392     0.027554       1358        1331.178650        1324.747814 
  105.0000    -0.009719     0.024913       1580        1579.877108        1564.548955 
  115.0000     0.008450     0.023484       1844        1818.859514        1809.004608 
  125.0000    -0.008031     0.021803       2070        2075.056462        2063.540362 
  135.0000     0.015518     0.020781       2388        2338.246062        2324.564392 
  145.0000    -0.020673     0.019363       2558        2598.397332        2585.347469 
  155.0000    -0.008386     0.018552       2857        2865.933812        2850.958561 
  165.0000    -0.030732     0.017574       3042        3125.624393        3113.562992 
  175.0000    -0.003972     0.017142       3376        3382.525209        3375.642974 
  185.0000     0.004347     0.016826       3672        3645.980313        3635.764688 
  195.0000     0.004529     0.016829       3928        3898.671238        3886.945102 
  205.0000     0.024860     0.017169       4255        4143.303078        4134.387719 
  215.0000     0.026165     0.017191       4481        4370.935988        4375.354310 
  225.0000    -0.003505     0.016694       4617        4622.217222        4611.273030 
  235.0000     0.003049     0.016804       4871        4848.643584        4841.045439 
  245.0000     0.002430     0.016794       5100        5074.746259        5061.793618 
  255.0000     0.016331     0.017027       5354        5272.545457        5277.273595 
  265.0000    -0.025128     0.016332       5382        5502.989266        5486.121919 
  275.0000    -0.008748     0.016606       5649        5692.265285        5685.792198 
  285.0000     0.005503     0.016845       5918        5884.085221        5882.541565 
  295.0000     0.023175     0.017141       6225        6075.122434        6065.820924 
  305.0000    -1.000000     0.000000          0           0.000000           0.000000 
  315.0000    -1.000000     0.000000          0           0.000000           0.000000 
  325.0000    -1.000000     0.000000          0           0.000000           0.000000 
  335.0000    -1.000000     0.000000          0           0.000000           0.000000 
  345.0000    -1.000000     0.000000          0           0.000000           0.000000 
  355.0000    -1.000000     0.000000          0           0.000000           0.000000 
  365.0000    -1.000000     0.000000          0           0.000000           0.000000 
  375.0000    -1.000000     0.000000          0           0.000000           0.000000 
  385.0000    -1.000000     0.000000          0           0.000000           0.000000 
  395.0000    -1.000000     0.000000          0           0.000000           0.000000 
  405.0000    -1.000000     0.000000          0           0.000000           0.000000 
  415.0000    -1.000000     0.000000          0           0.000000           0.000000 
  425.0000    -1.000000     0.000000          0           0.000000           0.000000 
  435.0000    -1.000000     0.000000          0           0.000000           0.000000 
  445.0000    -1.000000     0.000000          0           0.000000           0.000000 
  455.0000    -1.000000     0.000000          0           0.000000           0.000000 
  465.0000    -1.000000     0.000000          0           0.000000           0.000000 
  475.0000    -1.000000     0.000000          0           0.000000           0.000000 
  485.0000    -1.000000     0.000000          0           0.000000           0.000000 
  495.0000    -1.000000     0.000000          0           0.000000           0.000000 
  505.0000    -1.000000     0.000000          0           0.000000           0.000000 
  515.0000    -1.000000     0.000000          0           0.000000           0.000000 
  525.0000    -1.000000     0.000000          0           0.000000           0.000000 
  535.0000    -1.000000     0.000000          0           0.000000           0.000000 
  545.0000    -1.000000     0.000000          0           0.000000           0.000000 
  555.0000    -1.000000     0.000000          0           0.000000           0.000000 
  565.0000    -1.000000     0.000000          0           0.000000           0.000000 
  575.0000    -1.000000     0.000000          0           0.000000           0.000000 
  585.0000    -1.000000     0.000000          0           0.000000           0.000000 
  595.0000    -1.000000     0.000000          0           0.000000           0.000000 
  605.0000    -1.000000     0.000000          0           0.000000           0.000000 
  615.0000    -1.000000     0.000000          0           0.000000           0.000000 
  625.0000    -1.000000     0.000000          0           0.000000           0.000000 
  635.0000    -1.000000     0.000000          0           0.000000           0.000000 
  645.0000    -1.000000     0.000000          0           0.000000           0.000000 
  655.0000    -1.000000     0.000000          0           0.000000           0.000000 
  665.0000    -1.000000     0.000000          0           0.000000           0.000000 
  675.0000    -1.000000     0.000000          0           0.000000           0.000000 
  685.0000    -1.000000     0.000000          0           0.000000           0.000000 
  695.0000    -1.000000     0.000000          0           0.000000           0.000000 
  705.0000    -1.000000     0.000000          0           0.000000           0.000000 
  715.0000    -1.000000     0.000000          0           0.000000           0.000000 
  725.0000    -1.000000     0.000000          0           0.000000           0.000000 
  735.0000    -1.000000     0.000000          0           0.000000           0.000000 
  745.0000    -1.000000     0.000000          0           0.000000           0.000000 
  755.0000    -1.000000     0.000000          0           0.000000           0.000000 
  765.0000    -1.000000     0.000000          0           0.000000           0.000000 
  775.0000    -1.000000     0.000000          0           0.000000           0.000000 
  785.0000    -1.000000     0.000000          0           0.000000           0.000000 
  795.0000    -1.000000     0.000000          0           0.000000           0.000000 
  805.0000    -1.000000     0.000000          0           0.000000           0.000000 
  815.0000    -1.000000     0.000000          0           0.000000           0.000000 
  825.0000    -1.000000     0.000000          0           0.000000           0.000000 
  835.0000    -1.000000     0.000000          0           0.000000           0.000000 
  845.0000    -1.000000     0.000000          0           0.000000           0.000000 
  855.0000    -1.000000     0.000000          0           0.000000           0.000000 
  865.0000    -1.000000     0.000000          0           0.000000           0.000000 
  875.0000    -1.000000     0.000000          0           0.000000           0.000000 
  885.0000    -1.000000     0.000000          0           0.000000           0.000000 
  895.0000    -1.000000     0.000000          0           0.000000           0.000000 
  905.0000    -1.000000     0.000000          0           0.000000           0.000000 
  915.0000    -1.000000     0.000000          0           0.000000           0.000000 
  925.0000    -1.000000     0.000000          0           0.000000           0.000000 
  935.0000    -1.000000     0.000000          0           0.000000           0.000000 
  945.0000    -1.000000     0.000000          0           0.000000           0.000000 
  955.0000    -1.000000     0.000000          0           0.000000           0.000000 
  965.0000    -1.000000     0.000000          0           0.000000           0.000000 
  975.0000    -1.000000     0.000000          0           0.000000           0.000000 
  985.0000    -1.000000     0.000000          0           0.000000           0.000000 
  995.0000    -1.000000     0.000000          0           0.000000           0.000000 
