# cosmology: omega= 0.27  lambda= 0.73
# redshift range: zmin= 1.32  zmax= 1.50
# magnitude limits: bmin=10.00  bmax=21.00
# absolute magnitude limits: amin=-99.00  amax= 99.00
# nq= 2063  fran= 50  rmax= 300.0
# mean values: z=1.4125  b_J=20.019  M_b=-25.328
    0.1122    -1.000000     0.000000          0           0.000000           0.000000 
    0.1413    -1.000000     0.000000          0           0.000000           0.000000 
    0.1778    -1.000000     0.000000          0           0.000000           0.000000 
    0.2239    -1.000000     0.000000          0           0.000000           0.000000 
    0.2818    -1.000000     0.000000          0           0.000000           0.000000 
    0.3548    -1.000000     0.000000          0           0.000000           0.000000 
    0.4467    -1.000000     0.000000          0           0.000000           0.000363 
    0.5623    -1.000000     0.000000          0           0.000000           0.001171 
    0.7079    -1.000000     0.000000          0           0.000000           0.005319 
    0.8913    -1.000000     0.000000          0           0.000000           0.008332 
    1.1220    -1.000000     0.000000          0           0.009218           0.033571 
    1.4125    -1.000000     0.000000          0           0.040322           0.033247 
    1.7783    -1.000000     0.000000          0           0.101937           0.085195 
    2.2387     5.455410     6.455410          1           0.140063           0.161573 
    2.8184    -1.000000     0.000000          0           0.352311           0.336607 
    3.5481    -1.000000     0.000000          0           0.478326           0.662442 
    4.4668     3.079762     1.824525          5           1.183728           1.265791 
    5.6234     0.954461     0.874062          5           2.556911           2.499452 
    7.0795     0.848581     0.616194          9           4.865811           4.831770 
    8.9125     0.846513     0.435227         18           9.749016           9.759971 
   11.2202     0.421399     0.273548         27          18.976501          18.930149 
   14.1254     0.441916     0.199958         52          36.380440          37.200279 
   17.7828     0.337293     0.136487         96          71.858006          72.001696 
   22.3872     0.130927     0.090547        156         138.569001         139.387572 
   28.1838     0.029633     0.061865        277         268.673146         268.296732 
   35.4813    -0.008068     0.043967        509         512.656192         512.180061 
   44.6684     0.043005     0.032983       1000         964.936552         971.659702 
   56.2341    -0.045295     0.023135       1703        1803.305948        1821.124477 
   70.7946    -0.022327     0.021525       3230        3337.672763        3370.099979 
   89.1251    -0.000112     0.022014       5944        6017.696902        6090.713148 
  112.2019    -0.005123     0.021904      10496       10630.839356       10710.808252 
  141.2538     0.004066     0.022106      17915       17921.149171       18000.494975 
  177.8280     0.004754     0.022121      27982       28002.622962       28157.103243 
  223.8721    -0.001986     0.021973      38902       38855.257970       38731.589714 
  281.8383     0.005397     0.022135      34088       33716.856633       33526.647632 
  354.8134    -1.000000     0.000000          0           0.000000           0.000000 
  446.6836    -1.000000     0.000000          0           0.000000           0.000000 
  562.3414    -1.000000     0.000000          0           0.000000           0.000000 
  707.9459    -1.000000     0.000000          0           0.000000           0.000000 
  891.2510    -1.000000     0.000000          0           0.000000           0.000000 
 1122.0186    -1.000000     0.000000          0           0.000000           0.000000 
 1412.5377    -1.000000     0.000000          0           0.000000           0.000000 
 1778.2796    -1.000000     0.000000          0           0.000000           0.000000 
 2238.7214    -1.000000     0.000000          0           0.000000           0.000000 
 2818.3833    -1.000000     0.000000          0           0.000000           0.000000 
 3548.1343    -1.000000     0.000000          0           0.000000           0.000000 
 4466.8365    -1.000000     0.000000          0           0.000000           0.000000 
 5623.4140    -1.000000     0.000000          0           0.000000           0.000000 
 7079.4588    -1.000000     0.000000          0           0.000000           0.000000 
 8912.5106    -1.000000     0.000000          0           0.000000           0.000000 
