# cosmology: omega= 0.27  lambda= 0.73
# redshift range: zmin= 1.66  zmax= 1.83
# magnitude limits: bmin=10.00  bmax=21.00
# absolute magnitude limits: amin=-99.00  amax= 99.00
# nq= 2044  fran= 50  rmax= 300.0
# mean values: z=1.7450  b_J=20.028  M_b=-25.823
    0.1122    -1.000000     0.000000          0           0.000000           0.000000 
    0.1413    -1.000000     0.000000          0           0.000000           0.000000 
    0.1778    -1.000000     0.000000          0           0.000000           0.000378 
    0.2239    -1.000000     0.000000          0           0.000000           0.000000 
    0.2818    -1.000000     0.000000          0           0.000000           0.000000 
    0.3548    -1.000000     0.000000          0           0.000000           0.000000 
    0.4467    -1.000000     0.000000          0           0.000000           0.000000 
    0.5623    -1.000000     0.000000          0           0.000000           0.000801 
    0.7079    -1.000000     0.000000          0           0.009587           0.003624 
    0.8913    -1.000000     0.000000          0           0.000000           0.005957 
    1.1220    29.513368    30.513368          1           0.030228           0.032951 
    1.4125    29.627421    30.627421          1           0.019546           0.033566 
    1.7783    25.923935    19.038097          2           0.070574           0.074581 
    2.2387     4.861705     5.861705          1           0.179185           0.166152 
    2.8184    -1.000000     0.000000          0           0.329522           0.305745 
    3.5481    -1.000000     0.000000          0           0.560283           0.586605 
    4.4668     1.673621     1.543616          3           1.105483           1.171332 
    5.6234     1.266128     1.013443          5           2.188442           2.341412 
    7.0795     0.569117     0.593070          7           4.498410           4.634248 
    8.9125     0.894188     0.446464         18           9.483142           9.132073 
   11.2202     0.690726     0.313960         29          17.269780          17.911501 
   14.1254     0.191046     0.186010         41          34.654730          34.995138 
   17.7828     0.092493     0.127000         74          67.721370          67.704955 
   22.3872     0.086600     0.090550        144         131.964521         131.299581 
   28.1838     0.027571     0.063850        259         252.013543         251.974173 
   35.4813     0.018680     0.045557        500         485.740204         480.455324 
   44.6684     0.020835     0.033403        934         911.634534         908.191459 
   56.2341     0.023660     0.024755       1710        1683.166384        1696.471222 
   70.7946    -0.011309     0.021869       3029        3088.726488        3113.244789 
   89.1251     0.011883     0.022382       5530        5526.586264        5589.591697 
  112.2019     0.015299     0.022457       9682        9624.852468        9716.353419 
  141.2538    -0.013930     0.021811      15688       15978.746093       16045.977123 
  177.8280    -0.000401     0.022110      24343       24313.590828       24274.452244 
  223.8721     0.000137     0.022122      32169       32122.403344       32080.190510 
  281.8383    -0.005667     0.021993      28781       28899.673571       28854.833447 
  354.8134    -1.000000     0.000000          0           0.000000           0.000000 
  446.6836    -1.000000     0.000000          0           0.000000           0.000000 
  562.3414    -1.000000     0.000000          0           0.000000           0.000000 
  707.9459    -1.000000     0.000000          0           0.000000           0.000000 
  891.2510    -1.000000     0.000000          0           0.000000           0.000000 
 1122.0186    -1.000000     0.000000          0           0.000000           0.000000 
 1412.5377    -1.000000     0.000000          0           0.000000           0.000000 
 1778.2796    -1.000000     0.000000          0           0.000000           0.000000 
 2238.7214    -1.000000     0.000000          0           0.000000           0.000000 
 2818.3833    -1.000000     0.000000          0           0.000000           0.000000 
 3548.1343    -1.000000     0.000000          0           0.000000           0.000000 
 4466.8365    -1.000000     0.000000          0           0.000000           0.000000 
 5623.4140    -1.000000     0.000000          0           0.000000           0.000000 
 7079.4588    -1.000000     0.000000          0           0.000000           0.000000 
 8912.5106    -1.000000     0.000000          0           0.000000           0.000000 
