# cosmology: omega= 0.27  lambda= 0.73
# redshift range: zmin= 1.83  zmax= 2.02
# magnitude limits: bmin=10.00  bmax=21.00
# absolute magnitude limits: amin=-99.00  amax= 99.00
# nq= 2020  fran= 50  rmax= 300.0
# mean values: z=1.9208  b_J=20.054  M_b=-26.051
    0.1122    -1.000000     0.000000          0           0.000000           0.000000 
    0.1413    -1.000000     0.000000          0           0.000000           0.000000 
    0.1778    -1.000000     0.000000          0           0.000000           0.000000 
    0.2239    -1.000000     0.000000          0           0.000000           0.000000 
    0.2818    -1.000000     0.000000          0           0.000000           0.000000 
    0.3548    -1.000000     0.000000          0           0.000000           0.000415 
    0.4467    -1.000000     0.000000          0           0.000000           0.000000 
    0.5623    -1.000000     0.000000          0           0.000000           0.000000 
    0.7079    -1.000000     0.000000          0           0.000000           0.002045 
    0.8913    -1.000000     0.000000          0           0.000000           0.002018 
    1.1220    43.288662    44.288662          1           0.000000           0.023647 
    1.4125    -1.000000     0.000000          0           0.050110           0.032313 
    1.7783    16.010666    17.010666          1           0.070042           0.057287 
    2.2387    -1.000000     0.000000          0           0.189866           0.125578 
    2.8184     2.686368     3.686368          1           0.278622           0.262550 
    3.5481    -1.000000     0.000000          0           0.417580           0.489703 
    4.4668     0.182536     1.182536          1           0.913897           1.012637 
    5.6234     1.764754     1.128706          6           2.228796           2.016867 
    7.0795     0.415987     0.578074          6           4.119376           3.833396 
    8.9125     0.326955     0.419620         10           7.588531           7.691995 
   11.2202     0.803300     0.347045         27          15.000907          15.260876 
   14.1254     0.438008     0.219294         43          29.788483          29.496814 
   17.7828     0.363668     0.153425         79          57.786644          57.475166 
   22.3872     0.259818     0.104985        144         113.362259         111.762471 
   28.1838     0.116777     0.071641        243         216.339299         214.757381 
   35.4813     0.131290     0.052127        471         413.396874         409.565651 
   44.6684    -0.007918     0.035477        782         780.902524         773.678875 
   56.2341    -0.027581     0.025528       1451        1469.380609        1447.829095 
   70.7946    -0.012247     0.021977       2732        2712.501466        2660.420233 
   89.1251     0.019946     0.022694       5085        4892.530551        4795.717816 
  112.2019     0.009181     0.022454       8714        8512.993865        8389.011164 
  141.2538     0.006385     0.022392      14312       14113.840730       14005.103808 
  177.8280     0.006164     0.022387      21753       21601.022252       21582.068763 
  223.8721    -0.000863     0.022230      28933       29088.526637       29218.825230 
  281.8383    -0.004125     0.022158      26610       26820.911899       26920.767270 
  354.8134    -1.000000     0.000000          0           0.000000           0.000000 
  446.6836    -1.000000     0.000000          0           0.000000           0.000000 
  562.3414    -1.000000     0.000000          0           0.000000           0.000000 
  707.9459    -1.000000     0.000000          0           0.000000           0.000000 
  891.2510    -1.000000     0.000000          0           0.000000           0.000000 
 1122.0186    -1.000000     0.000000          0           0.000000           0.000000 
 1412.5377    -1.000000     0.000000          0           0.000000           0.000000 
 1778.2796    -1.000000     0.000000          0           0.000000           0.000000 
 2238.7214    -1.000000     0.000000          0           0.000000           0.000000 
 2818.3833    -1.000000     0.000000          0           0.000000           0.000000 
 3548.1343    -1.000000     0.000000          0           0.000000           0.000000 
 4466.8365    -1.000000     0.000000          0           0.000000           0.000000 
 5623.4140    -1.000000     0.000000          0           0.000000           0.000000 
 7079.4588    -1.000000     0.000000          0           0.000000           0.000000 
 8912.5106    -1.000000     0.000000          0           0.000000           0.000000 
